"../../../../../../Users/m012749j/Desktop/TGPTEST/Content/ItemInfos/RecoilTimelines/DefaultRecoilPatternPitch.uasset" 0
"../../../../../../Users/m012749j/Desktop/TGPTEST/Content/ItemInfos/RecoilTimelines/DefaultRecoilPatternYaw.uasset" 1
"../../../../../../Users/m012749j/Desktop/TGPTEST/Content/HUD/Icons/LaserRifleIcon.uasset" 2
"../../../Engine/Content/EngineMaterials/T_Default_Material_Grid_N.uasset" 3
"../../../Engine/Content/EngineMaterials/T_Default_Material_Grid_M.uasset" 4
"../../../Engine/Content/Functions/Engine_MaterialFunctions01/Opacity/CameraDepthFade.uasset" 5
"../../../Engine/Content/EngineMaterials/DefaultMaterial.uasset" 6
"../../../Engine/Content/BasicShapes/Cylinder.uasset" 7
"../../../../../../Users/m012749j/Desktop/TGPTEST/Content/PolygonScifi/Textures/T_PolygonSciFiCity_Texture_Normal.uasset" 8
"../../../../../../Users/m012749j/Desktop/TGPTEST/Content/PolygonScifi/Textures/T_PolygonScifi_Emissive_01.uasset" 9
"../../../../../../Users/m012749j/Desktop/TGPTEST/Content/PolygonScifi/Textures/T_PolygonScifi_01_A.uasset" 10
"../../../../../../Users/m012749j/Desktop/TGPTEST/Content/PolygonScifi/Materials/Mat_PolygonScifi_01_A.uasset" 11
"../../../../../../Users/m012749j/Desktop/TGPTEST/Content/PolygonScifi/Meshes/Weapons/SK_Wep_Rifle_Laser_01_Skeleton.uasset" 12
"../../../../../../Users/m012749j/Desktop/TGPTEST/Content/PolygonScifi/Meshes/Weapons/SK_Wep_Rifle_Laser_01_PhysicsAsset.uasset" 13
"../../../../../../Users/m012749j/Desktop/TGPTEST/Content/PolygonScifi/Meshes/Weapons/SK_Wep_Rifle_Laser_01.uasset" 14
"../../../../../../Users/m012749j/Desktop/TGPTEST/Content/ItemInfos/GunInfo/AssaultRifle.uasset" 15
"../../../../../../Users/m012749j/Desktop/TGPTEST/Content/ItemInfos/GunInfo/AssaultRifleLegendary.uasset" 16
"../../../../../../Users/m012749j/Desktop/TGPTEST/Content/ItemInfos/GunInfo/AssaultRifleUncommon.uasset" 17
"../../../../../../Users/m012749j/Desktop/TGPTEST/Content/PolygonScifi/Meshes/Weapons/SK_Wep_Grenade_HE_01_Skeleton.uasset" 18
"../../../../../../Users/m012749j/Desktop/TGPTEST/Content/PolygonScifi/Meshes/Weapons/SK_Wep_Grenade_HE_01_PhysicsAsset.uasset" 19
"../../../../../../Users/m012749j/Desktop/TGPTEST/Content/PolygonScifi/Meshes/Weapons/SK_Wep_Grenade_HE_01.uasset" 20
"../../../../../../Users/m012749j/Desktop/TGPTEST/Content/ItemInfos/ThrowableInfo/DA_ThrowableInfo.uasset" 21
"../../../../../../Users/m012749j/Desktop/TGPTEST/Content/Audio/523089__magnuswaker__explosion-1.uasset" 22
"../../../../../../Users/m012749j/Desktop/TGPTEST/Content/SoundEffects.uasset" 23
"../../../../../../Users/m012749j/Desktop/TGPTEST/Content/Audio/GrenadeCue.uasset" 24
"../../Plugins/FX/Niagara/Content/Functions/DirectionAndLengthSafe.uasset" 25
"../../Plugins/FX/Niagara/Content/Modules/Update/Size/ScaleSpriteSizeBySpeed.uasset" 26
"../../../Engine/Content/Functions/Engine_MaterialFunctions01/Density/ExponentialDensity.uasset" 27
"../../../Engine/Content/Functions/Engine_MaterialFunctions01/Gradient/RadialGradientExponential.uasset" 28
"../../../../../../Users/m012749j/Desktop/TGPTEST/Content/sA_Megapack_v1/sA_ShootingVfxPack/Materials/M_Master_RadialBeam.uasset" 29
"../../Plugins/FX/Niagara/Content/Enums/ENiagaraMassByVolume.uasset" 30
"../../Plugins/FX/Niagara/Content/Modules/Update/Mass/CalculateSizeAndRotationalInertiaByMass.uasset" 31
"../../Plugins/FX/Niagara/Content/Functions/Math/RemapValueRange.uasset" 32
"../../Plugins/FX/Niagara/Content/Functions/Rotation/MultiplyVectorWithQuaternion.uasset" 33
"../../Plugins/FX/Niagara/Content/Functions/Rotation/FindQuatBetween.uasset" 34
"../../Plugins/FX/Niagara/Content/Functions/PolarToCartesianCoordinates.uasset" 35
"../../Plugins/FX/Niagara/Content/Enums/ENiagaraRandomnessMode.uasset" 36
"../../Plugins/FX/Niagara/Content/Functions/GetRandomInfo.uasset" 37
"../../Plugins/FX/Niagara/Content/Functions/RandomRangeFloat.uasset" 38
"../../Plugins/FX/Niagara/Content/Functions/RandomVectorInCone.uasset" 39
"../../Plugins/FX/Niagara/Content/Enums/ENiagaraCoordinateSpace.uasset" 40
"../../Plugins/FX/Niagara/Content/Functions/Localspace/TransformBase.uasset" 41
"../../Plugins/FX/Niagara/Content/Functions/Localspace/TransformVector.uasset" 42
"../../Plugins/FX/Niagara/Content/Modules/Spawn/Velocity/AddVelocityInCone.uasset" 43
"../../Plugins/FX/Niagara/Content/Functions/Localspace/SimulationPosition.uasset" 44
"../../Plugins/FX/Niagara/Content/DynamicInputs/UniformRange/UniformRangedFloat.uasset" 45
"../../Plugins/FX/Niagara/Content/Enums/ENiagaraInactiveMode.uasset" 46
"../../Plugins/FX/Niagara/Content/Enums/ENiagaraEmitterScalabilityMode_Limited.uasset" 47
"../../Plugins/FX/Niagara/Content/Enums/ENiagaraEmitterLifeCycleMode.uasset" 48
"../../Plugins/FX/Niagara/Content/Enums/ENiagara_InfiniteLoopDuration.uasset" 49
"../../Plugins/FX/Niagara/Content/Enums/ENiagara_EmitterStateOptions.uasset" 50
"../../Plugins/FX/Niagara/Content/Modules/Update/Lifetime/ParticleState.uasset" 51
"../../Plugins/FX/Niagara/Content/Modules/Update/Forces/GravityForce.uasset" 52
"../../Plugins/FX/Niagara/Content/Modules/Update/Forces/Drag.uasset" 53
"../../Plugins/FX/Niagara/Content/Enums/ENiagaraScaleColorMode.uasset" 54
"../../Plugins/FX/Niagara/Content/Modules/Update/Color/ScaleColor.uasset" 55
"../../Plugins/FX/Niagara/Content/Modules/Spawn/Initialization/InitializeParticle.uasset" 56
"../../Plugins/FX/Niagara/Content/Modules/Solvers/SolveForcesAndVelocity.uasset" 57
"../../Plugins/FX/Niagara/Content/Enums/ENiagaraRandomnessEvaluation.uasset" 58
"../../Plugins/FX/Niagara/Content/Functions/V2/CalculateRandomRangeFloat.uasset" 59
"../../Plugins/FX/Niagara/Content/Modules/Emitter/SpawnBurst_Instantaneous.uasset" 60
"../../Plugins/FX/Niagara/Content/Enums/ENiagaraExecutionStateManagement.uasset" 61
"../../Plugins/FX/Niagara/Content/Functions/Emitter/EmitterChangeState.uasset" 62
"../../Plugins/FX/Niagara/Content/Modules/Emitter/EmitterState.uasset" 63
"../../Plugins/FX/Niagara/Content/DynamicInputs/ValueFromCurve/FloatFromCurve.uasset" 64
"../../../../../../Users/m012749j/Desktop/TGPTEST/Content/sA_Megapack_v1/sA_ShootingVfxPack/FX/NiagaraEmitters/NE_Sparks.uasset" 65
"../../../../../../Users/m012749j/Desktop/TGPTEST/Content/sA_Megapack_v1/sA_ShootingVfxPack/Materials/Textures/T_Smoke_SubUV.uasset" 66
"../../../../../../Users/m012749j/Desktop/TGPTEST/Content/sA_Megapack_v1/sA_ShootingVfxPack/Materials/M_Smoke.uasset" 67
"../../Plugins/FX/Niagara/Content/Enums/ENiagaraSUbUVAnimationMode.uasset" 68
"../../Plugins/FX/Niagara/Content/Modules/Update/SubUV/SubUVAnimation.uasset" 69
"../../Plugins/FX/Niagara/Content/DynamicInputs/ValueFromCurve/VectorFromCurve.uasset" 70
"../../Plugins/FX/Niagara/Content/DynamicInputs/Multiply/Multiply_Vector.uasset" 71
"../../Plugins/FX/Niagara/Content/DynamicInputs/Angles/NormalizedAngleToDegrees.uasset" 72
"../../Plugins/FX/Niagara/Content/Enums/ENiagaraTorusDistributionMode.uasset" 73
"../../Plugins/FX/Niagara/Content/Enums/ENiagaraExpansionMode.uasset" 74
"../../Plugins/FX/Niagara/Content/Functions/RandomPointInSphere.uasset" 75
"../../Plugins/FX/Niagara/Content/Modules/Spawn/Location/SphereLocation.uasset" 76
"../../Plugins/FX/Niagara/Content/Modules/Emitter/SpawnRate.uasset" 77
"../../../../../../Users/m012749j/Desktop/TGPTEST/Content/sA_Megapack_v1/sA_ShootingVfxPack/FX/NiagaraEmitters/NE_Smoke_01.uasset" 78
"../../Plugins/FX/Niagara/Content/DefaultAssets/DefaultSpriteMaterial.uasset" 79
"../../../../../../Users/m012749j/Desktop/TGPTEST/Content/sA_Megapack_v1/sA_ShootingVfxPack/FX/NiagaraEmitters/Ne_SimpleSprite.uasset" 80
"../../Plugins/FX/Niagara/Content/DynamicInputs/LinearColor/MultiplyLinearColor.uasset" 81
"../../Plugins/FX/Niagara/Content/Functions/System/SystemChangeState.uasset" 82
"../../Plugins/FX/Niagara/Content/Enums/ENiagaraSystemInactiveMode.uasset" 83
"../../Plugins/FX/Niagara/Content/Modules/System/SystemState.uasset" 84
"../../Plugins/FX/Niagara/Content/Modules/Update/Size/ScaleSpriteSize.uasset" 85
"../../Plugins/FX/Niagara/Content/DynamicInputs/TypeConversions/Vector2DFromFloat.uasset" 86
"../../../../../../Users/m012749j/Desktop/TGPTEST/Content/sA_Megapack_v1/sA_ShootingVfxPack/FX/NiagaraSystems/NS_Explossion.uasset" 87
"../../../../../../Users/m012749j/Desktop/TGPTEST/Content/GrenadeWeaponBP.uasset" 88
"../../../../../../Users/m012749j/Desktop/TGPTEST/Content/PolygonScifi/Meshes/Weapons/SK_Wep_Grenade_Stun_01_Skeleton.uasset" 89
"../../../../../../Users/m012749j/Desktop/TGPTEST/Content/PolygonScifi/Meshes/Weapons/SK_Wep_Grenade_Stun_01_PhysicsAsset.uasset" 90
"../../../../../../Users/m012749j/Desktop/TGPTEST/Content/PolygonScifi/Meshes/Weapons/SK_Wep_Grenade_Stun_01.uasset" 91
"../../../../../../Users/m012749j/Desktop/TGPTEST/Content/ScatterGrenadeWeaponBP.uasset" 92
"../../../../../../Users/m012749j/Desktop/TGPTEST/Content/ItemInfos/ThrowableInfo/DA_Throwable2.uasset" 93
"../../../../../../Users/m012749j/Desktop/TGPTEST/Content/PolygonScifi/Meshes/Weapons/SK_Wep_Shotgun_Plasma_01_Skeleton.uasset" 94
"../../../../../../Users/m012749j/Desktop/TGPTEST/Content/PolygonScifi/Meshes/Weapons/SK_Wep_Shotgun_Plasma_01_PhysicsAsset.uasset" 95
"../../../../../../Users/m012749j/Desktop/TGPTEST/Content/PolygonScifi/Meshes/Weapons/SK_Wep_Shotgun_Plasma_01.uasset" 96
"../../../../../../Users/m012749j/Desktop/TGPTEST/Content/HUD/Icons/PlasmaRifle.uasset" 97
"../../../../../../Users/m012749j/Desktop/TGPTEST/Content/ItemInfos/RecoilTimelines/PistolRecoilPatternYaw.uasset" 98
"../../../../../../Users/m012749j/Desktop/TGPTEST/Content/ItemInfos/RecoilTimelines/PistolRecoilPatternPitch.uasset" 99
"../../../../../../Users/m012749j/Desktop/TGPTEST/Content/ItemInfos/GunInfo/GrenadeLauncherLegendary.uasset" 100
"../../../../../../Users/m012749j/Desktop/TGPTEST/Content/ItemInfos/GunInfo/GrenadeLauncherRare.uasset" 101
"../../../../../../Users/m012749j/Desktop/TGPTEST/Content/PolygonScifi/Meshes/Weapons/SK_Wep_Pistol_01_Skeleton.uasset" 102
"../../../../../../Users/m012749j/Desktop/TGPTEST/Content/PolygonScifi/Meshes/Weapons/SK_Wep_Pistol_01_PhysicsAsset.uasset" 103
"../../../../../../Users/m012749j/Desktop/TGPTEST/Content/PolygonScifi/Meshes/Weapons/SK_Wep_Pistol_01.uasset" 104
"../../../../../../Users/m012749j/Desktop/TGPTEST/Content/HUD/Icons/NonRevolverPistolIcon.uasset" 105
"../../../../../../Users/m012749j/Desktop/TGPTEST/Content/ItemInfos/GunInfo/Pistol.uasset" 106
"../../../../../../Users/m012749j/Desktop/TGPTEST/Content/ItemInfos/GunInfo/PistolEpic.uasset" 107
"../../../../../../Users/m012749j/Desktop/TGPTEST/Content/ItemInfos/GunInfo/PistolUncommon.uasset" 108
"../../../../../../Users/m012749j/Desktop/TGPTEST/Content/ItemInfos/GunInfo/Shotgun.uasset" 109
"../../../../../../Users/m012749j/Desktop/TGPTEST/Content/ItemInfos/GunInfo/ShotgunLegendary.uasset" 110
"../../../../../../Users/m012749j/Desktop/TGPTEST/Content/ItemInfos/GunInfo/ShotgunRare.uasset" 111
"../../../../../../Users/m012749j/Desktop/TGPTEST/Content/PolygonScifi/Meshes/Weapons/SK_Wep_Sniper_Plasma_02_Skeleton.uasset" 112
"../../../../../../Users/m012749j/Desktop/TGPTEST/Content/PolygonScifi/Meshes/Weapons/SK_Wep_Sniper_Plasma_02_PhysicsAsset.uasset" 113
"../../../../../../Users/m012749j/Desktop/TGPTEST/Content/PolygonScifi/Meshes/Weapons/SK_Wep_Sniper_Plasma_02.uasset" 114
"../../../../../../Users/m012749j/Desktop/TGPTEST/Content/ItemInfos/GunInfo/Sniper.uasset" 115
"../../../../../../Users/m012749j/Desktop/TGPTEST/Content/ItemInfos/GunInfo/SniperEpic.uasset" 116
"../../../../../../Users/m012749j/Desktop/TGPTEST/Content/PolygonScifi/Meshes/Weapons/SK_Wep_SMG_01_Skeleton.uasset" 117
"../../../../../../Users/m012749j/Desktop/TGPTEST/Content/PolygonScifi/Meshes/Weapons/SK_Wep_SMG_01_PhysicsAsset.uasset" 118
"../../../../../../Users/m012749j/Desktop/TGPTEST/Content/PolygonScifi/Meshes/Weapons/SK_Wep_SMG_01.uasset" 119
"../../../../../../Users/m012749j/Desktop/TGPTEST/Content/HUD/Icons/SMGIcon.uasset" 120
"../../../../../../Users/m012749j/Desktop/TGPTEST/Content/ItemInfos/GunInfo/SubmachineGun.uasset" 121
"../../../../../../Users/m012749j/Desktop/TGPTEST/Content/ItemInfos/GunInfo/SubmachineGunLegendary.uasset" 122
"../../../../../../Users/m012749j/Desktop/TGPTEST/Content/ItemInfos/GunInfo/SubmachineGunRare.uasset" 123
"../../../../../../Users/m012749j/Desktop/TGPTEST/Content/PolygonScifi/Meshes/Weapons/Accessories/Sword/SM_Wep_Sword_01_Skeleton_UCX_SM_Wep_Sword_01_Skeleton.uasset" 124
"../../../../../../Users/m012749j/Desktop/TGPTEST/Content/PolygonScifi/Meshes/Weapons/Accessories/Sword/SM_Wep_Sword_01_Skeleton_UCX_SM_Wep_Sword_01_PhysicsAsset.uasset" 125
"../../../../../../Users/m012749j/Desktop/TGPTEST/Content/PolygonScifi/Meshes/Weapons/Accessories/Sword/SM_Wep_Sword_01_Skeleton_SM_Wep_Sword_01_Skeleton.uasset" 126
"../../../../../../Users/m012749j/Desktop/TGPTEST/Content/PolygonScifi/Meshes/Weapons/Accessories/Sword/SM_Wep_Sword_01_Skeleton_SM_Wep_Sword_01_PhysicsAsset.uasset" 127
"../../../../../../Users/m012749j/Desktop/TGPTEST/Content/PolygonScifi/Meshes/Weapons/Accessories/Sword/SM_Wep_Sword_01_Skeleton.uasset" 128
"../../../../../../Users/m012749j/Desktop/TGPTEST/Content/PolygonScifi/Meshes/Misc/SM_Icon_Gun.uasset" 129
"../../../../../../Users/m012749j/Desktop/TGPTEST/Content/HUD/Icons/SwordIcon.uasset" 130
"../../../../../../Users/m012749j/Desktop/TGPTEST/Content/ItemInfos/GunInfo/Sword.uasset" 131
"../../../../../../Users/m012749j/Desktop/TGPTEST/Content/ItemInfos/ItemInfo/DA_DebugItemInfo.uasset" 132
"../../../../../../Users/m012749j/Desktop/TGPTEST/Content/ItemInfos/ItemInfo/DA_DebugItemInfo_2.uasset" 133
"../../../Engine/Content/EngineMaterials/WorldGridMaterial.uasset" 134
"../../../Engine/Content/ArtTools/RenderToTexture/Meshes/S_1_Unit_Plane.uasset" 135
"../../../Engine/Content/BasicShapes/Cone.uasset" 136
"../../../Engine/Content/BasicShapes/Cube.uasset" 137
"../../../Engine/Content/BasicShapes/Sphere.uasset" 138
"../../../Engine/Content/EditorLandscapeResources/DataLayer.uasset" 139
"../../../Engine/Content/EditorLandscapeResources/DefaultAlphaTexture.uasset" 140
"../../../Engine/Content/EditorMaterials/MAT_Groups_Toggle.uasset" 141
"../../../Engine/Content/EditorMaterials/MAT_Groups_Visibility.uasset" 142
"../../../Engine/Content/EditorMaterials/PreviewShadowIndicator.uasset" 143
"../../../Engine/Content/EditorMaterials/PreviewShadowIndicatorMaterial.uasset" 144
"../../../Engine/Content/EditorMaterials/MatineeGroups/MAT_ColorTrack.uasset" 145
"../../../Engine/Content/EditorMaterials/MatineeGroups/MAT_Groups_Anim.uasset" 146
"../../../Engine/Content/EditorMaterials/MatineeGroups/MAT_Groups_AudioMaster.uasset" 147
"../../../Engine/Content/EditorMaterials/MatineeGroups/MAT_Groups_Director.uasset" 148
"../../../Engine/Content/EditorMaterials/MatineeGroups/MAT_Groups_Event.uasset" 149
"../../../Engine/Content/EditorMaterials/MatineeGroups/MAT_Groups_Fade.uasset" 150
"../../../Engine/Content/EditorMaterials/MatineeGroups/MAT_Groups_Float.uasset" 151
"../../../Engine/Content/EditorMaterials/MatineeGroups/MAT_Groups_Move.uasset" 152
"../../../Engine/Content/EditorMaterials/MatineeGroups/MAT_Groups_Slomo.uasset" 153
"../../../Engine/Content/EditorMaterials/MatineeGroups/MAT_Groups_Sound.uasset" 154
"../../../Engine/Content/EditorMaterials/MatineeGroups/MAT_Groups_Vector.uasset" 155
"../../../Engine/Content/EditorMaterials/ParticleSystems/PSysThumbnail_NoImage.uasset" 156
"../../../Engine/Content/EditorMaterials/ParticleSystems/PSysThumbnail_OOD.uasset" 157
"../../../Engine/Content/EditorMaterials/Camera/CineMat.uasset" 158
"../../../Engine/Content/EditorMaterials/Camera/MI_CineMat_Rig.uasset" 159
"../../../Engine/Content/EditorMeshes/Camera/SM_CraneRig_Arm.uasset" 160
"../../../Engine/Content/EditorMeshes/Camera/SM_CraneRig_Base.uasset" 161
"../../../Engine/Content/EditorMeshes/Camera/SM_CraneRig_Body.uasset" 162
"../../../Engine/Content/EditorMeshes/Camera/SM_CraneRig_Mount.uasset" 163
"../../../Engine/Content/EditorMeshes/Camera/SM_RailRig_Mount.uasset" 164
"../../../Engine/Content/EditorMeshes/Camera/SM_RailRig_Track.uasset" 165
"../../../Engine/Content/EditorResources/BSPVertex.uasset" 166
"../../../Engine/Content/EditorResources/EmptyActor.uasset" 167
"../../../Engine/Content/EditorResources/S_Actor.uasset" 168
"../../../Engine/Content/EditorResources/S_Note.uasset" 169
"../../../Engine/Content/EditorResources/S_Solver.uasset" 170
"../../../Engine/Content/EditorResources/S_Terrain.uasset" 171
"../../../Engine/Content/EditorResources/S_Trigger.uasset" 172
"../../../Engine/Content/EditorResources/LightIcons/S_LightError.uasset" 173
"../../../Engine/Content/EditorResources/SequenceRecorder/Countdown.uasset" 174
"../../../Engine/Content/EditorResources/SequenceRecorder/RecordingIndicator.uasset" 175
"../../../Engine/Content/EngineDamageTypes/DmgTypeBP_Environmental.uasset" 176
"../../../Engine/Content/EngineDebugMaterials/DebugEditorMaterial.uasset" 177
"../../../Engine/Content/EngineDebugMaterials/DebugMeshMaterial.uasset" 178
"../../../Engine/Content/EngineDebugMaterials/M_SimpleUnlitTranslucent.uasset" 179
"../../../Engine/Content/EngineDebugMaterials/VolumeToRender.uasset" 180
"../../../Engine/Content/Functions/Engine_MaterialFunctions02/Utility/CameraDirectionVector.uasset" 181
"../../../Engine/Content/EngineDebugMaterials/M_VolumeRenderSphereTracePP.uasset" 182
"../../../Engine/Content/Functions/Engine_MaterialFunctions01/Shading/ConvertFromDiffSpec.uasset" 183
"../../../Engine/Content/EngineDebugMaterials/VertexColorMaterial.uasset" 184
"../../../Engine/Content/EngineDebugMaterials/WireframeMaterial.uasset" 185
"../../../Engine/Content/EngineFonts/Faces/RobotoRegular.uasset" 186
"../../../Engine/Content/EngineFonts/Faces/RobotoLight.uasset" 187
"../../../Engine/Content/EngineFonts/Faces/RobotoItalic.uasset" 188
"../../../Engine/Content/EngineFonts/Faces/RobotoBoldItalic.uasset" 189
"../../../Engine/Content/EngineFonts/Faces/RobotoBold.uasset" 190
"../../../Engine/Content/EngineFonts/Faces/DroidSansFallback.uasset" 191
"../../../Engine/Content/EngineFonts/Roboto.uasset" 192
"../../../Engine/Content/EngineMaterials/BaseFlattenNormalMap.uasset" 193
"../../../Engine/Content/EngineMaterials/BaseFlattenGrayscaleMap.uasset" 194
"../../../Engine/Content/EngineMaterials/BaseFlattenEmissiveMap.uasset" 195
"../../../Engine/Content/EngineMaterials/BaseFlattenDiffuseMap.uasset" 196
"../../../Engine/Content/EngineMaterials/BaseFlattenMaterial.uasset" 197
"../../../Engine/Content/EngineMaterials/BlueNoise.uasset" 198
"../../../Engine/Content/EngineMaterials/DefaultBloomKernel.uasset" 199
"../../../Engine/Content/EngineMaterials/DefaultBokeh.uasset" 200
"../../../Engine/Content/EngineMaterials/DefaultDiffuse.uasset" 201
"../../../Engine/Content/EngineMaterials/DefaultDeferredDecalMaterial.uasset" 202
"../../../Engine/Content/EngineMaterials/DefaultLightFunctionMaterial.uasset" 203
"../../../Engine/Content/EngineMaterials/DefaultPhysicalMaterial.uasset" 204
"../../../Engine/Content/Functions/Engine_MaterialFunctions02/Utility/BreakOutFloat2Components.uasset" 205
"../../../Engine/Content/EngineMaterials/DefaultPostProcessMaterial.uasset" 206
"../../../Engine/Content/EngineFonts/RobotoDistanceField.uasset" 207
"../../../Engine/Content/EngineMaterials/DefaultTextMaterialOpaque.uasset" 208
"../../../Engine/Content/EngineMaterials/DefaultWhiteGrid.uasset" 209
"../../../Engine/Content/EngineMaterials/DefaultWhiteGrid_Low.uasset" 210
"../../../Engine/Content/EngineMaterials/EmissiveMeshMaterial.uasset" 211
"../../../Engine/Content/EngineMaterials/GizmoMaterial.uasset" 212
"../../../Engine/Content/EngineMaterials/Good64x64TilingNoiseHighFreq.uasset" 213
"../../../Engine/Content/EngineMaterials/MiniFont.uasset" 214
"../../../Engine/Content/EngineMaterials/InvalidLightmapSettings.uasset" 215
"../../../Engine/Content/EngineMaterials/M_InvalidLightmapSettings.uasset" 216
"../../../Engine/Content/Functions/Engine_MaterialFunctions02/WorldPositionOffset/CameraOffset.uasset" 217
"../../../Engine/Content/EngineMaterials/PhAT_JointLimitMaterial.uasset" 218
"../../../Engine/Content/EngineMaterials/PreintegratedSkinBRDF.uasset" 219
"../../../Engine/Content/EngineMaterials/RemoveSurfaceMaterial.uasset" 220
"../../../Engine/Content/EngineMaterials/WeightMapPlaceholderTexture.uasset" 221
"../../../Engine/Content/EngineResources/WhiteSquareTexture.uasset" 222
"../../../Engine/Content/EngineMaterials/Widget3DPassThrough.uasset" 223
"../../../Engine/Content/EngineMaterials/Widget3DPassThrough_Masked.uasset" 224
"../../../Engine/Content/EngineMaterials/Widget3DPassThrough_Opaque.uasset" 225
"../../../Engine/Content/EngineMaterials/Widget3DPassThrough_Masked_OneSided.uasset" 226
"../../../Engine/Content/EngineMaterials/Widget3DPassThrough_Opaque_OneSided.uasset" 227
"../../../Engine/Content/EngineMaterials/Widget3DPassThrough_Translucent.uasset" 228
"../../../Engine/Content/EngineMaterials/Widget3DPassThrough_Translucent_OneSided.uasset" 229
"../../../Engine/Content/EngineMeshes/Cylinder.uasset" 230
"../../../Engine/Content/EngineMeshes/Sphere.uasset" 231
"../../../Engine/Content/EngineResources/Black.uasset" 232
"../../../Engine/Content/EngineResources/DefaultTextureCube.uasset" 233
"../../../Engine/Content/EngineResources/DefaultVolumeTexture2D.uasset" 234
"../../../Engine/Content/EngineResources/DefaultVolumeTexture.uasset" 235
"../../../Engine/Content/EngineResources/GradientTexture0.uasset" 236
"../../../Engine/Content/EngineSky/VolumetricClouds/T_NoiseShape64.uasset" 237
"../../../Engine/Content/EngineSky/VolumetricClouds/T_VolumeNoiseShape64.uasset" 238
"../../../Engine/Content/EngineSky/VolumetricClouds/T_NoiseErosion.uasset" 239
"../../../Engine/Content/EngineSky/VolumetricClouds/T_VolumeNoiseErosion32.uasset" 240
"../../../Engine/Content/Functions/Engine_MaterialFunctions02/Utility/MakeFloat2.uasset" 241
"../../../Engine/Content/EngineSky/VolumetricClouds/CloudWeatherTexture.uasset" 242
"../../../Engine/Content/EngineSky/VolumetricClouds/CloudGradientTexture.uasset" 243
"../../../Engine/Content/EngineSky/VolumetricClouds/m_SimpleVolumetricCloud.uasset" 244
"../../../Engine/Content/EngineSky/VolumetricClouds/m_SimpleVolumetricCloud_Inst.uasset" 245
"../../../Engine/Content/EngineSounds/Master.uasset" 246
"../../../Engine/Content/Functions/Engine_MaterialFunctions01/Shading/PowerToRoughness.uasset" 247
"../../../Engine/Content/Maps/Templates/Thumbnails/Default.uasset" 248
"../../../Engine/Content/Maps/Templates/Thumbnails/TimeOfDay.uasset" 249
"../../../Engine/Content/Maps/Templates/Thumbnails/VR-Basic.uasset" 250
"../../../Engine/Content/MobileResources/T_MobileControls_texture.uasset" 251
"../../../Engine/Content/MobileResources/T_MobileMenu2.uasset" 252
"../../../Engine/Content/MobileResources/HUD/AnalogHat.uasset" 253
"../../../Engine/Content/MobileResources/HUD/VirtualJoystick_Thumb.uasset" 254
"../../../Engine/Content/MobileResources/HUD/VirtualJoystick_Background.uasset" 255
"../../../Engine/Content/MobileResources/HUD/DefaultVirtualJoysticks.uasset" 256
"../../../Engine/Content/MobileResources/HUD/LeftVirtualJoystickOnly.uasset" 257
"../../../Engine/Content/MobileResources/HUD/MobileHUDButton1_off.uasset" 258
"../../../Engine/Content/MobileResources/HUD/MobileHUDButton1_on.uasset" 259
"../../../Engine/Content/MobileResources/HUD/MobileHUDButton2_off.uasset" 260
"../../../Engine/Content/MobileResources/HUD/MobileHUDButton2_on.uasset" 261
"../../../Engine/Content/MobileResources/HUD/MobileHUDButton3.uasset" 262
"../../../Engine/Content/MobileResources/HUD/MobileHUDButtonFire.uasset" 263
"../../../Engine/Content/MobileResources/HUD/MobileHUDDirectionPad.uasset" 264
"../../../Engine/Content/MobileResources/HUD/MobileHUDDirectionPad2.uasset" 265
"../../../Engine/Content/MobileResources/HUD/MobileHUDDirectionPad3.uasset" 266
"../../../Engine/Content/MobileResources/HUD/MobileHUDDirectionStick.uasset" 267
"../../../Engine/Content/MobileResources/HUD/T_Castle_ThumbstickInner.uasset" 268
"../../../Engine/Content/MobileResources/HUD/T_Castle_ThumbstickOutter.uasset" 269
"../../../Engine/Content/Tutorial/ContentIntroCurve.uasset" 270
"../../../Engine/Content/VREditor/TransformGizmo/TranslucentTransformGizmoMaterial.uasset" 271
"../../../Engine/Content/VREditor/LaserPointer/VR_LaserPower_01.uasset" 272
"../../../Engine/Content/VREditor/TransformGizmo/TransformGizmoMaterial.uasset" 273
"../../../Engine/Content/VREditor/TransformGizmo/BoundingBoxCorner.uasset" 274
"../../../Engine/Content/VREditor/TransformGizmo/BoundingBoxEdge.uasset" 275
"../../../Engine/Content/VREditor/TransformGizmo/PlaneTranslationHandle.uasset" 276
"../../../Engine/Content/VREditor/TransformGizmo/Xray.uasset" 277
"../../../Engine/Content/VREditor/TransformGizmo/Main.uasset" 278
"../../../Engine/Content/VREditor/TransformGizmo/SM_Sequencer_Key.uasset" 279
"../../../Engine/Content/VREditor/TransformGizmo/SM_Sequencer_Node.uasset" 280
"../../../../../../Users/m012749j/Desktop/TGPTEST/Content/FirstPerson/Textures/FirstPersonCrosshair.uasset" 281
"../../../../../../Users/m012749j/Desktop/TGPTEST/Content/MainMenu/UI/Texture/T_UI_Runes02_R.uasset" 282
"../../../../../../Users/m012749j/Desktop/TGPTEST/Content/MainMenu/UI/Texture/T_UI_Runes02_N.uasset" 283
"../../../../../../Users/m012749j/Desktop/TGPTEST/Content/MainMenu/UI/Texture/T_UI_Runes02_A.uasset" 284
"../../../../../../Users/m012749j/Desktop/TGPTEST/Content/MainMenu/UI/Texture/T_UI_Runes02.uasset" 285
"../../../../../../Users/m012749j/Desktop/TGPTEST/Content/Effects/Textures/T_Dissolve_Mob_M.uasset" 286
"../../../Engine/Content/Functions/Engine_MaterialFunctions01/Texturing/FlattenNormal.uasset" 287
"../../../Engine/Content/Functions/Engine_MaterialFunctions01/Gradient/LinearGradient.uasset" 288
"../../../Engine/Content/Functions/Engine_MaterialFunctions01/ImageAdjustment/CheapContrast.uasset" 289
"../../../../../../Users/m012749j/Desktop/TGPTEST/Content/MainMenu/UI/Material/M_UI_IntroBG02.uasset" 290
"../../../../../../Users/m012749j/Desktop/TGPTEST/Content/UI/Material/M_UI_IntroBG02.uasset" 291
"../../Plugins/2D/Paper2D/Content/PlaceholderTextures/DummySpriteTexture.uasset" 292
"../../Plugins/2D/Paper2D/Content/DummySprite.uasset" 293
"../../Plugins/2D/Paper2D/Content/DefaultPaperTerrainMaterial.uasset" 294
"../../Plugins/2D/Paper2D/Content/DefaultSpriteMaterial.uasset" 295
"../../Plugins/2D/Paper2D/Content/MaskedUnlitSpriteMaterial.uasset" 296
"../../Plugins/2D/Paper2D/Content/OpaqueUnlitSpriteMaterial.uasset" 297
"../../../Engine/Content/Functions/Engine_MaterialFunctions02/Utility/BreakOutFloat3Components.uasset" 298
"../../../Engine/Content/Functions/Engine_MaterialFunctions02/ObjectLocalBounds.uasset" 299
"../../Plugins/Editor/SpeedTreeImporter/Content/SpeedTree9/UnpackInteger3.uasset" 300
"../../Plugins/Editor/SpeedTreeImporter/Content/SpeedTree9/UnpackDirection.uasset" 301
"../../Plugins/Editor/SpeedTreeImporter/Content/SpeedTree9/game_wind_noise.uasset" 302
"../../../Engine/Content/Functions/Engine_MaterialFunctions02/SafeNormalize.uasset" 303
"../../Plugins/Editor/SpeedTreeImporter/Content/SpeedTree9/SpeedTreeWindMotion.uasset" 304
"../../Plugins/Editor/SpeedTreeImporter/Content/SpeedTree9/SpeedTreeBranchMotion.uasset" 305
"../../../Engine/Content/Functions/Engine_MaterialFunctions02/UVs/BoundingBoxBased_0-1_UVW.uasset" 306
"../../Plugins/Editor/SpeedTreeImporter/Content/SpeedTree9/SpeedTreeWind.uasset" 307
"../../Plugins/Editor/SpeedTreeImporter/Content/SpeedTree9/SpeedTreeBillboard.uasset" 308
"../../../Engine/Content/EngineResources/DefaultTexture.uasset" 309
"../../Plugins/Editor/SpeedTreeImporter/Content/SpeedTree9/SpeedTreeBillboardMaster.uasset" 310
"../../Plugins/Editor/SpeedTreeImporter/Content/SpeedTree9/SpeedTreeCameraFacing.uasset" 311
"../../Plugins/Editor/SpeedTreeImporter/Content/SpeedTree9/SpeedTreeMaster.uasset" 312
"../../../Engine/Content/ArtTools/RenderToTexture/Materials/Debug/M_Emissive_Color.uasset" 313
"../../Plugins/Lumin/MagicLeapPassableWorld/Content/MagicLeapARPinInfoActor.uasset" 314
"../../../Engine/Content/BasicShapes/Plane.uasset" 315
"../../Plugins/FX/Niagara/Content/Functions/Localspace/TransformPosition.uasset" 316
"../../Plugins/FX/Niagara/Content/DynamicInputs/Transforms/TransformPosition.uasset" 317
"../../../../../../Users/m012749j/Desktop/TGPTEST/Content/sA_Megapack_v1/sA_Rayvfx/Models/SM_RayTube_2.uasset" 318
"../../../../../../Users/m012749j/Desktop/TGPTEST/Content/sA_Megapack_v1/sA_Rayvfx/Materials/Textures/T_Noise000.uasset" 319
"../../../../../../Users/m012749j/Desktop/TGPTEST/Content/sA_Megapack_v1/sA_Rayvfx/Materials/Textures/T_Noise00.uasset" 320
"../../../../../../Users/m012749j/Desktop/TGPTEST/Content/sA_Megapack_v1/sA_Rayvfx/Materials/Textures/T_Noise03.uasset" 321
"../../../../../../Users/m012749j/Desktop/TGPTEST/Content/sA_Megapack_v1/sA_Rayvfx/Materials/M_PannerScroll.uasset" 322
"../../../../../../Users/m012749j/Desktop/TGPTEST/Content/sA_Megapack_v1/sA_Rayvfx/Materials/MI_PannerScroll.uasset" 323
"../../../../../../Users/m012749j/Desktop/TGPTEST/Content/sA_Megapack_v1/sA_Rayvfx/Materials/Textures/T_Noise10.uasset" 324
"../../../Engine/Content/Functions/Engine_MaterialFunctions01/ImageAdjustment/DeriveHDRfromLDR.uasset" 325
"../../../../../../Users/m012749j/Desktop/TGPTEST/Content/sA_Megapack_v1/sA_Rayvfx/Materials/M_sA_Aura.uasset" 326
"../../../../../../Users/m012749j/Desktop/TGPTEST/Content/sA_Megapack_v1/sA_Rayvfx/Materials/MI_Aura_1.uasset" 327
"../../Plugins/FX/Niagara/Content/Modules/Update/Color/Color.uasset" 328
"../../Plugins/FX/Niagara/Content/Functions/Spline/FindPositionOnBezierSpline.uasset" 329
"../../Plugins/FX/Niagara/Content/Functions/NormalizedExecutionIndex.uasset" 330
"../../Plugins/FX/Niagara/Content/Modules/Beams/SpawnBeam.uasset" 331
"../../Plugins/FX/Niagara/Content/Modules/Beams/BeamWidth.uasset" 332
"../../Plugins/FX/Niagara/Content/DynamicInputs/Multiply/Multiply_VectorByFloat.uasset" 333
"../../Plugins/FX/Niagara/Content/DynamicInputs/Helpers/SimulationPosition.uasset" 334
"../../Plugins/FX/Niagara/Content/Modules/Beams/BeamEmitterSetup.uasset" 335
"../../Plugins/FX/Niagara/Content/Modules/Emitter/EmitterLifeCycle.uasset" 336
"../../Plugins/FX/Niagara/Content/Modules/Update/Material/DynamicMaterialParameters.uasset" 337
"../../../../../../Users/m012749j/Desktop/TGPTEST/Content/sA_Megapack_v1/sA_Rayvfx/Fx/NiagaraEmitters/NE_Trail.uasset" 338
"../../../../../../Users/m012749j/Desktop/TGPTEST/Content/sA_Megapack_v1/sA_Rayvfx/Models/SM_RayTube_1.uasset" 339
"../../../../../../Users/m012749j/Desktop/TGPTEST/Content/sA_Megapack_v1/sA_Rayvfx/Materials/Textures/T_Noise09.uasset" 340
"../../../../../../Users/m012749j/Desktop/TGPTEST/Content/sA_Megapack_v1/sA_Rayvfx/Materials/M_Master_Solid_Panner.uasset" 341
"../../../../../../Users/m012749j/Desktop/TGPTEST/Content/sA_Megapack_v1/sA_Rayvfx/Materials/MI_SolidPanner.uasset" 342
"../../../../../../Users/m012749j/Desktop/TGPTEST/Content/sA_Megapack_v1/sA_Rayvfx/Materials/Textures/T_Snow_Flake.uasset" 343
"../../../../../../Users/m012749j/Desktop/TGPTEST/Content/sA_Megapack_v1/sA_Rayvfx/Materials/Textures/T_Beam_01.uasset" 344
"../../../../../../Users/m012749j/Desktop/TGPTEST/Content/sA_Megapack_v1/sA_Rayvfx/Materials/M_AdditiveScrollNiagara.uasset" 345
"../../../../../../Users/m012749j/Desktop/TGPTEST/Content/sA_Megapack_v1/sA_Rayvfx/Materials/MI_Enegy_4.uasset" 346
"../../Plugins/FX/Niagara/Content/Functions/NormalizeDistanceRange.uasset" 347
"../../Plugins/FX/Niagara/Content/Functions/DistanceBasedFalloff.uasset" 348
"../../Plugins/FX/Niagara/Content/Functions/RandomUnitVector.uasset" 349
"../../Plugins/FX/Niagara/Content/Functions/RandomVector.uasset" 350
"../../Plugins/FX/Niagara/Content/Modules/Spawn/Velocity/AddVelocityFromPoint.uasset" 351
"../../../../../../Users/m012749j/Desktop/TGPTEST/Content/sA_Megapack_v1/sA_Rayvfx/Fx/NiagaraEmitters/NE_Omniburst.uasset" 352
"../../Plugins/FX/Niagara/Content/Functions/Rotation/AxisAngleToQuaternion.uasset" 353
"../../Plugins/FX/Niagara/Content/Functions/Rotation/MultiplyQuaternion.uasset" 354
"../../Plugins/FX/Niagara/Content/Modules/Solvers/ApplyRotationVector.uasset" 355
"../../Plugins/FX/Niagara/Content/Enums/ENiagaraMeshTransforms.uasset" 356
"../../Plugins/FX/Niagara/Content/Modules/Spawn/Orientation/V3/InitialMeshOrientation.uasset" 357
"../../Plugins/FX/Niagara/Content/Enums/ENiagaraOrientationAxis.uasset" 358
"../../Plugins/FX/Niagara/Content/Modules/Spawn/Location/CylinderLocation.uasset" 359
"../../Plugins/FX/Niagara/Content/Modules/Update/Size/ScaleMeshSize.uasset" 360
"../../../../../../Users/m012749j/Desktop/TGPTEST/Content/sA_Megapack_v1/sA_Rayvfx/Fx/NiagaraSystems/NS_Ray_4.uasset" 361
"../../../../../../Users/m012749j/Desktop/TGPTEST/Content/MainMenu/Menu_BG.uasset" 362
"../../../../../../Users/m012749j/Desktop/TGPTEST/Content/MainMenu/Menu_BG_Mat.uasset" 363
"../../../Engine/Content/EditorBlueprintResources/StandardMacros.uasset" 364
"../../../../../../Users/m012749j/Desktop/TGPTEST/Content/MainMenu/UI/Fonts/Cinzel/Cinzel-Regular.uasset" 365
"../../../../../../Users/m012749j/Desktop/TGPTEST/Content/MainMenu/UI/Fonts/Cinzel/Cinzel-Bold.uasset" 366
"../../../../../../Users/m012749j/Desktop/TGPTEST/Content/MainMenu/UI/Fonts/Cinzel/Cinzel-Black.uasset" 367
"../../../../../../Users/m012749j/Desktop/TGPTEST/Content/MainMenu/UI/Fonts/Cinzel/Cinzel.uasset" 368
"../../../../../../Users/m012749j/Desktop/TGPTEST/Content/MainMenu/LoadingScreen/Loading_Screen_3.uasset" 369
"../../../../../../Users/m012749j/Desktop/TGPTEST/Content/MainMenu/LoadingScreen/LoadingScreen_BP.uasset" 370
"../../../../../../Users/m012749j/Desktop/TGPTEST/Content/Music.uasset" 371
"../../../../../../Users/m012749j/Desktop/TGPTEST/Content/MasterMix.uasset" 372
"../../../../../../Users/m012749j/Desktop/TGPTEST/Content/MainMenu/SettingsAudio_BP.uasset" 373
"../../../../../../Users/m012749j/Desktop/TGPTEST/Content/MainMenu/Logo.uasset" 374
"../../../../../../Users/m012749j/Desktop/TGPTEST/Content/MainMenu/Light/Mouse_Right_Key_Light.uasset" 375
"../../../../../../Users/m012749j/Desktop/TGPTEST/Content/MainMenu/Light/Mouse_Simple_Key_Light.uasset" 376
"../../../../../../Users/m012749j/Desktop/TGPTEST/Content/MainMenu/Light/Q_Key_Light.uasset" 377
"../../../../../../Users/m012749j/Desktop/TGPTEST/Content/MainMenu/Light/R_Key_Light.uasset" 378
"../../../../../../Users/m012749j/Desktop/TGPTEST/Content/MainMenu/Light/S_Key_Light.uasset" 379
"../../../../../../Users/m012749j/Desktop/TGPTEST/Content/MainMenu/Light/Shift_Key_Light.uasset" 380
"../../../../../../Users/m012749j/Desktop/TGPTEST/Content/MainMenu/Light/Space_Key_Light.uasset" 381
"../../../../../../Users/m012749j/Desktop/TGPTEST/Content/MainMenu/Light/W_Key_Light.uasset" 382
"../../../../../../Users/m012749j/Desktop/TGPTEST/Content/MainMenu/Light/Mouse_Left_Key_Light.uasset" 383
"../../../../../../Users/m012749j/Desktop/TGPTEST/Content/MainMenu/Light/G_Key_Light.uasset" 384
"../../../../../../Users/m012749j/Desktop/TGPTEST/Content/MainMenu/Light/Esc_Key_Light.uasset" 385
"../../../../../../Users/m012749j/Desktop/TGPTEST/Content/MainMenu/Light/E_Key_Light.uasset" 386
"../../../../../../Users/m012749j/Desktop/TGPTEST/Content/MainMenu/Light/D_Key_Light.uasset" 387
"../../../../../../Users/m012749j/Desktop/TGPTEST/Content/MainMenu/Light/A_Key_Light.uasset" 388
"../../../../../../Users/m012749j/Desktop/TGPTEST/Content/MainMenu/UI/Texture/T_UI_Button_Top01.uasset" 389
"../../../../../../Users/m012749j/Desktop/TGPTEST/Content/MainMenu/ControlsMenu_BP.uasset" 390
"../../../../../../Users/m012749j/Desktop/TGPTEST/Content/MainMenu/PauseMenu/PauseMenu_BP.uasset" 391
"../../../../../../Users/m012749j/Desktop/TGPTEST/Content/MainMenu/Settings_BP.uasset" 392
"../../../../../../Users/m012749j/Desktop/TGPTEST/Content/MainMenu/Credits_BP.uasset" 393
"../../../../../../Users/m012749j/Desktop/TGPTEST/Content/MainMenu/LogoEnter.uasset" 394
"../../../../../../Users/m012749j/Desktop/TGPTEST/Content/MainMenu/ButtonsUp.uasset" 395
"../../../../../../Users/m012749j/Desktop/TGPTEST/Content/MainMenu/MainMenu_BP.uasset" 396
"../../../../../../Users/m012749j/Desktop/TGPTEST/Content/MainMenu/UI_Controller.uasset" 397
"../../../../../../Users/m012749j/Desktop/TGPTEST/Content/Audio/Mayhem__Loop_.uasset" 398
"../../../../../../Users/m012749j/Desktop/TGPTEST/Content/Audio/MainMenuCue.uasset" 399
"../../../../../../Users/m012749j/Desktop/TGPTEST/Content/MainMenu/GameMode_UI.uasset" 400
"../../../../../../Users/m012749j/Desktop/TGPTEST/Content/Maps/MainMenu.umap" 401
"../../../../../../Users/m012749j/Desktop/TGPTEST/Content/PolygonScifi/Meshes/Props/SM_Prop_Streetlight_01.uasset" 402
"../../../../../../Users/m012749j/Desktop/TGPTEST/Content/PolygonScifi/Meshes/Props/SM_Prop_Stool_01.uasset" 403
"../../../../../../Users/m012749j/Desktop/TGPTEST/Content/PolygonScifi/Meshes/Props/SM_Prop_Sidewalk_Pipe_02.uasset" 404
"../../../../../../Users/m012749j/Desktop/TGPTEST/Content/PolygonScifi/Meshes/Props/SM_Prop_Security_Scanner_01.uasset" 405
"../../../../../../Users/m012749j/Desktop/TGPTEST/Content/PolygonScifi/Meshes/Props/SM_Prop_SatDish_Attach_01.uasset" 406
"../../../../../../Users/m012749j/Desktop/TGPTEST/Content/PolygonScifi/Meshes/Props/SM_Prop_SatDish_03.uasset" 407
"../../../../../../Users/m012749j/Desktop/TGPTEST/Content/PolygonScifi/Meshes/Props/SM_Prop_SatDish_02.uasset" 408
"../../../../../../Users/m012749j/Desktop/TGPTEST/Content/PolygonScifi/Meshes/Props/SM_Prop_RubbishPile_01.uasset" 409
"../../../../../../Users/m012749j/Desktop/TGPTEST/Content/PolygonScifi/Meshes/Props/SM_Prop_Rubbish_Paper_04.uasset" 410
"../../../../../../Users/m012749j/Desktop/TGPTEST/Content/PolygonScifi/Meshes/Props/SM_Prop_Rubbish_Bin_01.uasset" 411
"../../../../../../Users/m012749j/Desktop/TGPTEST/Content/PolygonScifi/Meshes/Props/SM_Prop_Robotic_Part_08.uasset" 412
"../../../../../../Users/m012749j/Desktop/TGPTEST/Content/PolygonScifi/Meshes/Props/SM_Prop_Robotic_Part_06.uasset" 413
"../../../../../../Users/m012749j/Desktop/TGPTEST/Content/PolygonScifi/Meshes/Props/SM_Prop_Robotic_Part_04.uasset" 414
"../../../../../../Users/m012749j/Desktop/TGPTEST/Content/PolygonScifi/Meshes/Props/SM_Prop_Robotic_Part_02.uasset" 415
"../../../../../../Users/m012749j/Desktop/TGPTEST/Content/PolygonScifi/Meshes/Props/SM_Prop_Robotic_Part_010.uasset" 416
"../../../../../../Users/m012749j/Desktop/TGPTEST/Content/PolygonScifi/Meshes/Props/SM_Prop_Robotic_Part_01.uasset" 417
"../../../../../../Users/m012749j/Desktop/TGPTEST/Content/PolygonScifi/Meshes/Props/SM_Prop_Powerpole_01.uasset" 418
"../../../../../../Users/m012749j/Desktop/TGPTEST/Content/PolygonScifi/Textures/T_Billboards.uasset" 419
"../../../../../../Users/m012749j/Desktop/TGPTEST/Content/PolygonScifi/Materials/Misc/Mat_PolygonScifi_Billboards.uasset" 420
"../../../../../../Users/m012749j/Desktop/TGPTEST/Content/PolygonScifi/Meshes/Props/SM_Prop_Posters_03.uasset" 421
"../../../../../../Users/m012749j/Desktop/TGPTEST/Content/PolygonScifi/Meshes/Props/SM_Prop_Posters_02.uasset" 422
"../../../../../../Users/m012749j/Desktop/TGPTEST/Content/PolygonScifi/Meshes/Props/SM_Prop_Posters_01.uasset" 423
"../../../../../../Users/m012749j/Desktop/TGPTEST/Content/PolygonScifi/Meshes/Props/SM_Prop_Pillar_02.uasset" 424
"../../../../../../Users/m012749j/Desktop/TGPTEST/Content/PolygonScifi/Meshes/Props/SM_Prop_Paper_Lantern_02.uasset" 425
"../../../../../../Users/m012749j/Desktop/TGPTEST/Content/PolygonScifi/Meshes/Props/SM_Prop_Paper_Banner_01.uasset" 426
"../../../../../../Users/m012749j/Desktop/TGPTEST/Content/PolygonScifi/Meshes/Props/SM_Prop_Noodles_01.uasset" 427
"../../../../../../Users/m012749j/Desktop/TGPTEST/Content/PolygonScifi/Meshes/Props/SM_Prop_Medical_Chair_01.uasset" 428
"../../../../../../Users/m012749j/Desktop/TGPTEST/Content/PolygonScifi/Meshes/Props/SM_Prop_Meat_03.uasset" 429
"../../../../../../Users/m012749j/Desktop/TGPTEST/Content/PolygonScifi/Meshes/Props/SM_Prop_Meat_01.uasset" 430
"../../../../../../Users/m012749j/Desktop/TGPTEST/Content/PolygonScifi/Meshes/Props/SM_Prop_MarketTable_05.uasset" 431
"../../../../../../Users/m012749j/Desktop/TGPTEST/Content/PolygonScifi/Meshes/Props/SM_Prop_MarketTable_04.uasset" 432
"../../../../../../Users/m012749j/Desktop/TGPTEST/Content/PolygonScifi/Meshes/Props/SM_Prop_MarketTable_01.uasset" 433
"../../../../../../Users/m012749j/Desktop/TGPTEST/Content/PolygonScifi/Meshes/Props/SM_Prop_MarketLights_01.uasset" 434
"../../../../../../Users/m012749j/Desktop/TGPTEST/Content/PolygonScifi/Meshes/Props/SM_Prop_MarketCover_01.uasset" 435
"../../../../../../Users/m012749j/Desktop/TGPTEST/Content/PolygonScifi/Meshes/Props/SM_Prop_Hologram_Burger_03.uasset" 436
"../../../../../../Users/m012749j/Desktop/TGPTEST/Content/PolygonScifi/Meshes/Props/SM_Prop_Hologram_Bottle_01.uasset" 437
"../../../../../../Users/m012749j/Desktop/TGPTEST/Content/PolygonScifi/Meshes/Props/SM_Prop_FoodTray_03.uasset" 438
"../../../../../../Users/m012749j/Desktop/TGPTEST/Content/PolygonScifi/Meshes/Props/SM_Prop_FoodTray_02.uasset" 439
"../../../../../../Users/m012749j/Desktop/TGPTEST/Content/PolygonScifi/Meshes/Props/SM_Prop_FoodTray_01.uasset" 440
"../../../../../../Users/m012749j/Desktop/TGPTEST/Content/PolygonScifi/Meshes/Props/SM_Prop_Fence_01.uasset" 441
"../../../../../../Users/m012749j/Desktop/TGPTEST/Content/PolygonScifi/Meshes/Props/SM_Prop_Dumpster_01_Lid.uasset" 442
"../../../../../../Users/m012749j/Desktop/TGPTEST/Content/PolygonScifi/Meshes/Props/SM_Prop_Dumpster_01.uasset" 443
"../../../../../../Users/m012749j/Desktop/TGPTEST/Content/PolygonScifi/Meshes/Props/SM_Prop_Door_Chopshop_01.uasset" 444
"../../../../../../Users/m012749j/Desktop/TGPTEST/Content/PolygonScifi/Meshes/Props/SM_Prop_Door_05.uasset" 445
"../../../../../../Users/m012749j/Desktop/TGPTEST/Content/PolygonScifi/Meshes/Props/SM_Prop_Door_04.uasset" 446
"../../../../../../Users/m012749j/Desktop/TGPTEST/Content/PolygonScifi/Meshes/Props/SM_Prop_Door_02.uasset" 447
"../../../../../../Users/m012749j/Desktop/TGPTEST/Content/PolygonScifi/Meshes/Props/SM_Prop_Door_01.uasset" 448
"../../../../../../Users/m012749j/Desktop/TGPTEST/Content/PolygonScifi/Meshes/Props/SM_Prop_DeadZub_03.uasset" 449
"../../../../../../Users/m012749j/Desktop/TGPTEST/Content/PolygonScifi/Meshes/Props/SM_Prop_Cylinder_01.uasset" 450
"../../../../../../Users/m012749j/Desktop/TGPTEST/Content/PolygonScifi/Meshes/Props/SM_Prop_Crate_Large_01.uasset" 451
"../../../../../../Users/m012749j/Desktop/TGPTEST/Content/PolygonScifi/Meshes/Props/SM_Prop_Crate_04.uasset" 452
"../../../../../../Users/m012749j/Desktop/TGPTEST/Content/PolygonScifi/Meshes/Props/SM_Prop_Crate_03.uasset" 453
"../../../../../../Users/m012749j/Desktop/TGPTEST/Content/PolygonScifi/Meshes/Props/SM_Prop_Crate_01.uasset" 454
"../../../../../../Users/m012749j/Desktop/TGPTEST/Content/PolygonScifi/Meshes/Props/SM_Prop_Couch_01.uasset" 455
"../../../../../../Users/m012749j/Desktop/TGPTEST/Content/PolygonScifi/Meshes/Props/SM_Prop_ChargingStation_01.uasset" 456
"../../../../../../Users/m012749j/Desktop/TGPTEST/Content/PolygonScifi/Meshes/Props/SM_Prop_Chain_03.uasset" 457
"../../../../../../Users/m012749j/Desktop/TGPTEST/Content/PolygonScifi/Meshes/Props/SM_Prop_Carpet_Mat_01.uasset" 458
"../../../../../../Users/m012749j/Desktop/TGPTEST/Content/PolygonScifi/Meshes/Props/SM_Prop_Cables_01.uasset" 459
"../../../../../../Users/m012749j/Desktop/TGPTEST/Content/PolygonScifi/Meshes/Props/SM_Prop_Cable_Crossing_Machine_01.uasset" 460
"../../../../../../Users/m012749j/Desktop/TGPTEST/Content/PolygonScifi/Meshes/Props/SM_Prop_Bridge_01.uasset" 461
"../../../../../../Users/m012749j/Desktop/TGPTEST/Content/PolygonScifi/Meshes/Props/SM_Prop_Box_Supplies_01.uasset" 462
"../../../../../../Users/m012749j/Desktop/TGPTEST/Content/PolygonScifi/Meshes/Props/SM_Prop_Box_RobotParts_01.uasset" 463
"../../../../../../Users/m012749j/Desktop/TGPTEST/Content/PolygonScifi/Meshes/Props/SM_Prop_Bottle_03.uasset" 464
"../../../../../../Users/m012749j/Desktop/TGPTEST/Content/PolygonScifi/Meshes/Props/SM_Prop_Bottle_01.uasset" 465
"../../../../../../Users/m012749j/Desktop/TGPTEST/Content/PolygonScifi/Meshes/Props/SM_Prop_BenchSeat_01.uasset" 466
"../../../../../../Users/m012749j/Desktop/TGPTEST/Content/PolygonScifi/Meshes/Props/SM_Prop_Bench_01.uasset" 467
"../../../../../../Users/m012749j/Desktop/TGPTEST/Content/PolygonScifi/Meshes/Props/SM_Prop_Beam_02.uasset" 468
"../../../../../../Users/m012749j/Desktop/TGPTEST/Content/PolygonScifi/Meshes/Props/SM_Prop_Barrier_Pole_01.uasset" 469
"../../../../../../Users/m012749j/Desktop/TGPTEST/Content/PolygonScifi/Meshes/Props/SM_Prop_Barrier_Plastic_02.uasset" 470
"../../../../../../Users/m012749j/Desktop/TGPTEST/Content/PolygonScifi/Meshes/Props/SM_Prop_Barrier_Plastic_01.uasset" 471
"../../../../../../Users/m012749j/Desktop/TGPTEST/Content/PolygonScifi/Meshes/Props/SM_Prop_Barrier_01.uasset" 472
"../../../../../../Users/m012749j/Desktop/TGPTEST/Content/PolygonScifi/Meshes/Props/SM_Prop_Bank_Booth_Pillar_01.uasset" 473
"../../../../../../Users/m012749j/Desktop/TGPTEST/Content/PolygonScifi/Meshes/Props/SM_Prop_Atm_01.uasset" 474
"../../../../../../Users/m012749j/Desktop/TGPTEST/Content/PolygonScifi/Meshes/Props/SM_Prop_AirConditioningUnit_02.uasset" 475
"../../../../../../Users/m012749j/Desktop/TGPTEST/Content/PolygonScifi/Meshes/Props/SM_Prop_AirConditioningUnit_01.uasset" 476
"../../../../../../Users/m012749j/Desktop/TGPTEST/Content/PolygonScifi/Meshes/Props/SM_Prop_AirConditioningGrid_01.uasset" 477
"../../../../../../Users/m012749j/Desktop/TGPTEST/Content/PolygonScifi/Meshes/Environments/SM_Env_Sidewalk_Straight_01_SF.uasset" 478
"../../../../../../Users/m012749j/Desktop/TGPTEST/Content/PolygonScifi/Meshes/Environments/SM_Env_Sidewalk_Corner_02_SF.uasset" 479
"../../../../../../Users/m012749j/Desktop/TGPTEST/Content/PolygonScifi/Meshes/Environments/SM_Env_Sidewalk_Corner_01_SF.uasset" 480
"../../../../../../Users/m012749j/Desktop/TGPTEST/Content/PolygonScifi/Textures/T_PolygonSciFi_Road_01.uasset" 481
"../../../../../../Users/m012749j/Desktop/TGPTEST/Content/PolygonScifi/Textures/T_Dirt_01.uasset" 482
"../../../Engine/Content/Functions/Engine_MaterialFunctions03/Texturing/WorldCoordinate3Way.uasset" 483
"../../../../../../Users/m012749j/Desktop/TGPTEST/Content/PolygonScifi/Materials/Misc/Mat_PolygonScifi_Roads.uasset" 484
"../../../../../../Users/m012749j/Desktop/TGPTEST/Content/PolygonScifi/Meshes/Environments/SM_Env_Road_YellowLines_02_SF.uasset" 485
"../../../../../../Users/m012749j/Desktop/TGPTEST/Content/PolygonScifi/Meshes/Environments/SM_Env_Road_Median_02_SF.uasset" 486
"../../../../../../Users/m012749j/Desktop/TGPTEST/Content/PolygonScifi/Meshes/Environments/SM_Env_Road_Crossing_02_SF.uasset" 487
"../../../../../../Users/m012749j/Desktop/TGPTEST/Content/PolygonScifi/Meshes/Environments/SM_Env_Road_Crossing_01_SF.uasset" 488
"../../../../../../Users/m012749j/Desktop/TGPTEST/Content/PolygonScifi/Meshes/Environments/SM_Env_Road_Bare_Half_01_SF.uasset" 489
"../../../../../../Users/m012749j/Desktop/TGPTEST/Content/PolygonScifi/Meshes/Environments/SM_Env_Road_Arrow_01_SF.uasset" 490
"../../../../../../Users/m012749j/Desktop/TGPTEST/Content/Sparks/Sparks_Material.uasset" 491
"../../../../../../Users/m012749j/Desktop/TGPTEST/Content/Sparks/Spark_Particle.uasset" 492
"../../../../../../Users/m012749j/Desktop/TGPTEST/Content/PolygonScifi/Meshes/Vehicles/SK_Veh_Sweepo_01_Skeleton.uasset" 493
"../../../../../../Users/m012749j/Desktop/TGPTEST/Content/PolygonScifi/Meshes/Vehicles/SK_Veh_Sweepo_01_PhysicsAsset.uasset" 494
"../../../../../../Users/m012749j/Desktop/TGPTEST/Content/PolygonScifi/Materials/Misc/Mat_PolygonScifi_Vehicle_Glass.uasset" 495
"../../../../../../Users/m012749j/Desktop/TGPTEST/Content/PolygonScifi/Meshes/Vehicles/SK_Veh_Sweepo_01.uasset" 496
"../../../../../../Users/m012749j/Desktop/TGPTEST/Content/PolygonScifi/Meshes/Vehicles/SK_Veh_Retro_01_Hover_PhysicsAsset.uasset" 497
"../../../../../../Users/m012749j/Desktop/TGPTEST/Content/PolygonScifi/Meshes/Vehicles/SK_Veh_Retro_01_Hover_Skeleton.uasset" 498
"../../../../../../Users/m012749j/Desktop/TGPTEST/Content/PolygonScifi/Meshes/Vehicles/SK_Veh_Retro_01_Hover.uasset" 499
"../../../../../../Users/m012749j/Desktop/TGPTEST/Content/PolygonScifi/Meshes/Vehicles/SK_Veh_Retro_01_Skeleton.uasset" 500
"../../../../../../Users/m012749j/Desktop/TGPTEST/Content/PolygonScifi/Meshes/Vehicles/SK_Veh_Retro_01_PhysicsAsset.uasset" 501
"../../../../../../Users/m012749j/Desktop/TGPTEST/Content/PolygonScifi/Meshes/Vehicles/SK_Veh_Retro_01.uasset" 502
"../../../../../../Users/m012749j/Desktop/TGPTEST/Content/PolygonScifi/Meshes/Vehicles/SK_Veh_Hover_Bike_01_PhysicsAsset.uasset" 503
"../../../../../../Users/m012749j/Desktop/TGPTEST/Content/PolygonScifi/Meshes/Vehicles/SK_Veh_Hover_Bike_01_Skeleton.uasset" 504
"../../../../../../Users/m012749j/Desktop/TGPTEST/Content/PolygonScifi/Meshes/Vehicles/SK_Veh_Hover_Bike_01.uasset" 505
"../../../../../../Users/m012749j/Desktop/TGPTEST/Content/PolygonScifi/Meshes/Vehicles/SK_Veh_Garbage_01_PhysicsAsset.uasset" 506
"../../../../../../Users/m012749j/Desktop/TGPTEST/Content/PolygonScifi/Meshes/Vehicles/SK_Veh_Garbage_01_Hover_Skeleton.uasset" 507
"../../../../../../Users/m012749j/Desktop/TGPTEST/Content/PolygonScifi/Meshes/Vehicles/SK_Veh_Garbage_01_Hover_PhysicsAsset.uasset" 508
"../../../../../../Users/m012749j/Desktop/TGPTEST/Content/PolygonScifi/Meshes/Vehicles/SK_Veh_Garbage_01_Hover.uasset" 509
"../../../../../../Users/m012749j/Desktop/TGPTEST/Content/PolygonScifi/Meshes/Vehicles/SK_Veh_Garbage_01_Skeleton.uasset" 510
"../../../../../../Users/m012749j/Desktop/TGPTEST/Content/PolygonScifi/Meshes/Vehicles/SK_Veh_Garbage_01.uasset" 511
"../../../../../../Users/m012749j/Desktop/TGPTEST/Content/PolygonScifi/Meshes/Vehicles/SK_Veh_Future_Taxi_01_Skeleton.uasset" 512
"../../../../../../Users/m012749j/Desktop/TGPTEST/Content/PolygonScifi/Meshes/Vehicles/SK_Veh_Future_Taxi_01_PhysicsAsset.uasset" 513
"../../../../../../Users/m012749j/Desktop/TGPTEST/Content/PolygonScifi/Meshes/Vehicles/SK_Veh_Future_Taxi_01.uasset" 514
"../../../../../../Users/m012749j/Desktop/TGPTEST/Content/PolygonScifi/Meshes/Vehicles/SK_Veh_Future_Cop_01_Skeleton.uasset" 515
"../../../../../../Users/m012749j/Desktop/TGPTEST/Content/PolygonScifi/Meshes/Vehicles/SK_Veh_Future_Cop_01_PhysicsAsset.uasset" 516
"../../../../../../Users/m012749j/Desktop/TGPTEST/Content/PolygonScifi/Meshes/Vehicles/SK_Veh_Future_Cop_01.uasset" 517
"../../../../../../Users/m012749j/Desktop/TGPTEST/Content/PolygonScifi/Meshes/Vehicles/SK_Veh_Future_01_Skeleton.uasset" 518
"../../../../../../Users/m012749j/Desktop/TGPTEST/Content/PolygonScifi/Meshes/Vehicles/SK_Veh_Future_01_PhysicsAsset.uasset" 519
"../../../../../../Users/m012749j/Desktop/TGPTEST/Content/PolygonScifi/Meshes/Vehicles/SK_Veh_Future_01.uasset" 520
"../../../../../../Users/m012749j/Desktop/TGPTEST/Content/PolygonScifi/Meshes/Vehicles/SK_Veh_Armored_Truck_02_Skeleton.uasset" 521
"../../../../../../Users/m012749j/Desktop/TGPTEST/Content/PolygonScifi/Meshes/Vehicles/SK_Veh_Armored_Truck_02_PhysicsAsset.uasset" 522
"../../../../../../Users/m012749j/Desktop/TGPTEST/Content/PolygonScifi/Meshes/Vehicles/SK_Veh_Armored_Truck_02.uasset" 523
"../../../../../../Users/m012749j/Desktop/TGPTEST/Content/PolygonScifi/Meshes/Vehicles/SK_Veh_Armored_Truck_01_PhysicsAsset.uasset" 524
"../../../../../../Users/m012749j/Desktop/TGPTEST/Content/PolygonScifi/Meshes/Vehicles/SK_Veh_Armored_Truck_01_Skeleton.uasset" 525
"../../../../../../Users/m012749j/Desktop/TGPTEST/Content/PolygonScifi/Meshes/Vehicles/SK_Veh_Armored_Truck_01.uasset" 526
"../../../../../../Users/m012749j/Desktop/TGPTEST/Content/PolygonScifi/Textures/T_NeonSigns.uasset" 527
"../../../../../../Users/m012749j/Desktop/TGPTEST/Content/PolygonScifi/Materials/Misc/Mat_PolygonScifi_Neon.uasset" 528
"../../../../../../Users/m012749j/Desktop/TGPTEST/Content/PolygonScifi/Meshes/Signs/SM_Sign_Neon_Flat_02.uasset" 529
"../../../../../../Users/m012749j/Desktop/TGPTEST/Content/PolygonScifi/Meshes/Signs/SM_Sign_Neon_09.uasset" 530
"../../../../../../Users/m012749j/Desktop/TGPTEST/Content/PolygonScifi/Meshes/Signs/SM_Sign_Neon_08.uasset" 531
"../../../../../../Users/m012749j/Desktop/TGPTEST/Content/PolygonScifi/Meshes/Signs/SM_Sign_Neon_07.uasset" 532
"../../../../../../Users/m012749j/Desktop/TGPTEST/Content/PolygonScifi/Meshes/Signs/SM_Sign_Neon_05.uasset" 533
"../../../../../../Users/m012749j/Desktop/TGPTEST/Content/PolygonScifi/Meshes/Signs/SM_Sign_Neon_04.uasset" 534
"../../../../../../Users/m012749j/Desktop/TGPTEST/Content/PolygonScifi/Meshes/Signs/SM_Sign_Neon_03.uasset" 535
"../../../../../../Users/m012749j/Desktop/TGPTEST/Content/PolygonScifi/Meshes/Signs/SM_Sign_Neon_02.uasset" 536
"../../../../../../Users/m012749j/Desktop/TGPTEST/Content/PolygonScifi/Meshes/Signs/SM_Sign_Billboard_Large_04.uasset" 537
"../../../../../../Users/m012749j/Desktop/TGPTEST/Content/PolygonScifi/Meshes/Signs/SM_Sign_Billboard_Large_03.uasset" 538
"../../../../../../Users/m012749j/Desktop/TGPTEST/Content/PolygonScifi/Meshes/Signs/SM_Sign_Billboard_Large_02.uasset" 539
"../../../../../../Users/m012749j/Desktop/TGPTEST/Content/PolygonScifi/Meshes/Signs/SM_Sign_Billboard_Large_01.uasset" 540
"../../../../../../Users/m012749j/Desktop/TGPTEST/Content/PolygonScifi/Textures/T_Signs.uasset" 541
"../../../../../../Users/m012749j/Desktop/TGPTEST/Content/PolygonScifi/Materials/Misc/Mat_PolygonScifi_Signs.uasset" 542
"../../../../../../Users/m012749j/Desktop/TGPTEST/Content/PolygonScifi/Meshes/Signs/SM_Sign_Ad_31.uasset" 543
"../../../../../../Users/m012749j/Desktop/TGPTEST/Content/PolygonScifi/Meshes/Signs/SM_Sign_Ad_26.uasset" 544
"../../../../../../Users/m012749j/Desktop/TGPTEST/Content/PolygonScifi/Meshes/Signs/SM_Sign_Ad_23.uasset" 545
"../../../../../../Users/m012749j/Desktop/TGPTEST/Content/PolygonScifi/Meshes/Signs/SM_Sign_Ad_18.uasset" 546
"../../../../../../Users/m012749j/Desktop/TGPTEST/Content/PolygonScifi/Meshes/Signs/SM_Sign_Ad_17.uasset" 547
"../../../../../../Users/m012749j/Desktop/TGPTEST/Content/PolygonScifi/Meshes/Signs/SM_Sign_Ad_16.uasset" 548
"../../../../../../Users/m012749j/Desktop/TGPTEST/Content/PolygonScifi/Meshes/Signs/SM_Sign_Ad_15.uasset" 549
"../../../../../../Users/m012749j/Desktop/TGPTEST/Content/PolygonScifi/Meshes/Signs/SM_Sign_Ad_14.uasset" 550
"../../../../../../Users/m012749j/Desktop/TGPTEST/Content/PolygonScifi/Meshes/Signs/SM_Sign_Ad_13.uasset" 551
"../../../../../../Users/m012749j/Desktop/TGPTEST/Content/PolygonScifi/Meshes/Signs/SM_Sign_Ad_12.uasset" 552
"../../../../../../Users/m012749j/Desktop/TGPTEST/Content/PolygonScifi/Meshes/Signs/SM_Sign_Ad_11.uasset" 553
"../../../../../../Users/m012749j/Desktop/TGPTEST/Content/PolygonScifi/Meshes/Signs/SM_Sign_Ad_09.uasset" 554
"../../../../../../Users/m012749j/Desktop/TGPTEST/Content/PolygonScifi/Meshes/Signs/SM_Sign_Ad_05.uasset" 555
"../../../../../../Users/m012749j/Desktop/TGPTEST/Content/PolygonScifi/Meshes/Signs/SM_Sign_Ad_04.uasset" 556
"../../../../../../Users/m012749j/Desktop/TGPTEST/Content/PolygonScifi/Meshes/Signs/SM_Sign_Ad_01.uasset" 557
"../../../../../../Users/m012749j/Desktop/TGPTEST/Content/PolygonScifi/Meshes/Signs/SM_Sign_08.uasset" 558
"../../../../../../Users/m012749j/Desktop/TGPTEST/Content/PolygonScifi/Meshes/Signs/SM_Sign_07.uasset" 559
"../../../../../../Users/m012749j/Desktop/TGPTEST/Content/PolygonScifi/Meshes/Signs/SM_Sign_06.uasset" 560
"../../../../../../Users/m012749j/Desktop/TGPTEST/Content/PolygonScifi/Meshes/Signs/SM_Sign_03.uasset" 561
"../../../../../../Users/m012749j/Desktop/TGPTEST/Content/PolygonScifi/Meshes/Props/SM_Prop_WoodenPath_01.uasset" 562
"../../../../../../Users/m012749j/Desktop/TGPTEST/Content/PolygonScifi/Meshes/Props/SM_Prop_Window_Bolts_01.uasset" 563
"../../../../../../Users/m012749j/Desktop/TGPTEST/Content/PolygonScifi/Meshes/Props/SM_Prop_Window_03.uasset" 564
"../../../../../../Users/m012749j/Desktop/TGPTEST/Content/PolygonScifi/Meshes/Props/SM_Prop_WallAttach_Vent_04.uasset" 565
"../../../../../../Users/m012749j/Desktop/TGPTEST/Content/PolygonScifi/Meshes/Props/SM_Prop_WallAttach_Vent_03.uasset" 566
"../../../../../../Users/m012749j/Desktop/TGPTEST/Content/PolygonScifi/Meshes/Props/SM_Prop_WallAttach_Vent_02.uasset" 567
"../../../../../../Users/m012749j/Desktop/TGPTEST/Content/PolygonScifi/Meshes/Props/SM_Prop_WallAttach_Vent_01.uasset" 568
"../../../../../../Users/m012749j/Desktop/TGPTEST/Content/PolygonScifi/Meshes/Props/SM_Prop_WallAttach_Electronics_05.uasset" 569
"../../../../../../Users/m012749j/Desktop/TGPTEST/Content/PolygonScifi/Meshes/Props/SM_Prop_WallAttach_Electronics_02.uasset" 570
"../../../../../../Users/m012749j/Desktop/TGPTEST/Content/PolygonScifi/Meshes/Props/SM_Prop_WallAttach_Electronics_01.uasset" 571
"../../../../../../Users/m012749j/Desktop/TGPTEST/Content/PolygonScifi/Meshes/Props/SM_Prop_Vent_02.uasset" 572
"../../../../../../Users/m012749j/Desktop/TGPTEST/Content/PolygonScifi/Meshes/Props/SM_Prop_Vent_01.uasset" 573
"../../../../../../Users/m012749j/Desktop/TGPTEST/Content/PolygonScifi/Meshes/Props/SM_Prop_VendingMachine_Soda_01.uasset" 574
"../../../../../../Users/m012749j/Desktop/TGPTEST/Content/PolygonScifi/Meshes/Props/SM_Prop_VendingMachine_01.uasset" 575
"../../../../../../Users/m012749j/Desktop/TGPTEST/Content/PolygonScifi/Meshes/Props/SM_Prop_TrashCan_Lid_01.uasset" 576
"../../../../../../Users/m012749j/Desktop/TGPTEST/Content/PolygonScifi/Meshes/Props/SM_Prop_TrashCan_01.uasset" 577
"../../../../../../Users/m012749j/Desktop/TGPTEST/Content/PolygonScifi/Meshes/Props/SM_Prop_TrashBag_03.uasset" 578
"../../../../../../Users/m012749j/Desktop/TGPTEST/Content/PolygonScifi/Meshes/Props/SM_Prop_TrashBag_02.uasset" 579
"../../../../../../Users/m012749j/Desktop/TGPTEST/Content/PolygonScifi/Meshes/Props/SM_Prop_TrashBag_01.uasset" 580
"../../../../../../Users/m012749j/Desktop/TGPTEST/Content/PolygonScifi/Meshes/Props/SM_Prop_Table_Small_01.uasset" 581
"../../../../../../Users/m012749j/Desktop/TGPTEST/Content/PolygonScifi/Meshes/Props/SM_Prop_StripClub_Curtain.uasset" 582
"../../../../../../Users/m012749j/Desktop/TGPTEST/Content/PolygonScifi/Meshes/Environments/SM_Env_Railing_02_Pillar.uasset" 583
"../../../../../../Users/m012749j/Desktop/TGPTEST/Content/PolygonScifi/Meshes/Environments/SM_Env_Railing_02.uasset" 584
"../../../../../../Users/m012749j/Desktop/TGPTEST/Content/PolygonScifi/Meshes/Environments/SM_Env_Hedge_Empty_02.uasset" 585
"../../../../../../Users/m012749j/Desktop/TGPTEST/Content/PolygonScifi/Meshes/Environments/SM_Env_Ground_Tile_Floating_Platform_01.uasset" 586
"../../../../../../Users/m012749j/Desktop/TGPTEST/Content/PolygonScifi/Meshes/Environments/SM_Env_Ground_Tile_Base_03.uasset" 587
"../../../../../../Users/m012749j/Desktop/TGPTEST/Content/PolygonScifi/Meshes/Environments/SM_Env_Ground_Tile_07.uasset" 588
"../../../../../../Users/m012749j/Desktop/TGPTEST/Content/PolygonScifi/Meshes/Environments/SM_Env_Greeble_Cube_02.uasset" 589
"../../../../../../Users/m012749j/Desktop/TGPTEST/Content/PolygonScifi/Meshes/Environments/SM_Env_Greeble_Cube_01.uasset" 590
"../../../../../../Users/m012749j/Desktop/TGPTEST/Content/PolygonScifi/Meshes/Environments/SM_Env_Graffiti_Wall_05.uasset" 591
"../../../../../../Users/m012749j/Desktop/TGPTEST/Content/PolygonScifi/Meshes/Environments/SM_Env_Graffiti_Ground_05.uasset" 592
"../../../../../../Users/m012749j/Desktop/TGPTEST/Content/PolygonScifi/Meshes/Environments/SM_Env_Graffiti_Ground_04.uasset" 593
"../../../../../../Users/m012749j/Desktop/TGPTEST/Content/PolygonScifi/Meshes/Environments/SM_Env_Graffiti_Ground_02.uasset" 594
"../../../../../../Users/m012749j/Desktop/TGPTEST/Content/PolygonScifi/Meshes/Environments/SM_Env_Graffiti_Ground_01.uasset" 595
"../../../../../../Users/m012749j/Desktop/TGPTEST/Content/PolygonScifi/Meshes/Environments/SM_Env_Dirt_Mound_Small_02.uasset" 596
"../../../../../../Users/m012749j/Desktop/TGPTEST/Content/PolygonScifi/Meshes/Environments/SM_Env_Dirt_Mound_Small_01.uasset" 597
"../../../../../../Users/m012749j/Desktop/TGPTEST/Content/PolygonScifi/Meshes/Buildings/SM_Bld_Warehouse_Glass_01.uasset" 598
"../../../../../../Users/m012749j/Desktop/TGPTEST/Content/PolygonScifi/Meshes/Buildings/SM_Bld_Warehouse_Door_Top_01.uasset" 599
"../../../../../../Users/m012749j/Desktop/TGPTEST/Content/PolygonScifi/Meshes/Buildings/SM_Bld_Warehouse_Door_Bottom_Glass_01.uasset" 600
"../../../../../../Users/m012749j/Desktop/TGPTEST/Content/PolygonScifi/Meshes/Buildings/SM_Bld_Warehouse_Door_Bottom_01.uasset" 601
"../../../../../../Users/m012749j/Desktop/TGPTEST/Content/PolygonScifi/Meshes/Buildings/SM_Bld_Warehouse_01.uasset" 602
"../../../../../../Users/m012749j/Desktop/TGPTEST/Content/PolygonScifi/Meshes/Buildings/SM_Bld_StripClub_Interior_03.uasset" 603
"../../../../../../Users/m012749j/Desktop/TGPTEST/Content/PolygonScifi/Meshes/Buildings/SM_Bld_StripClub_Interior_02.uasset" 604
"../../../../../../Users/m012749j/Desktop/TGPTEST/Content/PolygonScifi/Meshes/Buildings/SM_Bld_StripClub_Interior_01_HologramPods.uasset" 605
"../../../../../../Users/m012749j/Desktop/TGPTEST/Content/PolygonScifi/Meshes/Buildings/SM_Bld_StripClub_Interior_01.uasset" 606
"../../../../../../Users/m012749j/Desktop/TGPTEST/Content/PolygonScifi/Meshes/Buildings/SM_Bld_StripClub_01.uasset" 607
"../../../../../../Users/m012749j/Desktop/TGPTEST/Content/PolygonScifi/Meshes/Buildings/SM_Bld_Shop_Open_01.uasset" 608
"../../../../../../Users/m012749j/Desktop/TGPTEST/Content/PolygonScifi/Meshes/Buildings/SM_Bld_Shack_02.uasset" 609
"../../../../../../Users/m012749j/Desktop/TGPTEST/Content/PolygonScifi/Meshes/Buildings/SM_Bld_Security_WatchStation_01.uasset" 610
"../../../../../../Users/m012749j/Desktop/TGPTEST/Content/PolygonScifi/Meshes/Buildings/SM_Bld_Section_Window_04.uasset" 611
"../../../../../../Users/m012749j/Desktop/TGPTEST/Content/PolygonScifi/Meshes/Buildings/SM_Bld_Section_Window_03.uasset" 612
"../../../../../../Users/m012749j/Desktop/TGPTEST/Content/PolygonScifi/Meshes/Buildings/SM_Bld_Section_Window_02.uasset" 613
"../../../../../../Users/m012749j/Desktop/TGPTEST/Content/PolygonScifi/Meshes/Buildings/SM_Bld_Section_Window_01.uasset" 614
"../../../../../../Users/m012749j/Desktop/TGPTEST/Content/PolygonScifi/Meshes/Buildings/SM_Bld_Section_Wall_05.uasset" 615
"../../../../../../Users/m012749j/Desktop/TGPTEST/Content/PolygonScifi/Meshes/Buildings/SM_Bld_Section_Wall_04.uasset" 616
"../../../../../../Users/m012749j/Desktop/TGPTEST/Content/PolygonScifi/Meshes/Buildings/SM_Bld_Section_Wall_03.uasset" 617
"../../../../../../Users/m012749j/Desktop/TGPTEST/Content/PolygonScifi/Meshes/Buildings/SM_Bld_Section_Wall_02.uasset" 618
"../../../../../../Users/m012749j/Desktop/TGPTEST/Content/PolygonScifi/Meshes/Buildings/SM_Bld_Section_Wall_01.uasset" 619
"../../../../../../Users/m012749j/Desktop/TGPTEST/Content/PolygonScifi/Meshes/Buildings/SM_Bld_Section_Industrial_03.uasset" 620
"../../../../../../Users/m012749j/Desktop/TGPTEST/Content/PolygonScifi/Meshes/Buildings/SM_Bld_Section_Industrial_01.uasset" 621
"../../../../../../Users/m012749j/Desktop/TGPTEST/Content/PolygonScifi/Meshes/Buildings/SM_Bld_Section_Grid_01.uasset" 622
"../../../../../../Users/m012749j/Desktop/TGPTEST/Content/PolygonScifi/Meshes/Buildings/SM_Bld_Section_Door_07_Glass.uasset" 623
"../../../../../../Users/m012749j/Desktop/TGPTEST/Content/PolygonScifi/Meshes/Buildings/SM_Bld_Section_Door_07_Door.uasset" 624
"../../../../../../Users/m012749j/Desktop/TGPTEST/Content/PolygonScifi/Meshes/Buildings/SM_Bld_Section_Door_07.uasset" 625
"../../../../../../Users/m012749j/Desktop/TGPTEST/Content/PolygonScifi/Meshes/Buildings/SM_Bld_Section_Door_06.uasset" 626
"../../../../../../Users/m012749j/Desktop/TGPTEST/Content/PolygonScifi/Meshes/Buildings/SM_Bld_Section_Door_05_Glass.uasset" 627
"../../../../../../Users/m012749j/Desktop/TGPTEST/Content/PolygonScifi/Meshes/Buildings/SM_Bld_Section_Door_05.uasset" 628
"../../../../../../Users/m012749j/Desktop/TGPTEST/Content/PolygonScifi/Meshes/Buildings/SM_Bld_Section_Door_04.uasset" 629
"../../../../../../Users/m012749j/Desktop/TGPTEST/Content/PolygonScifi/Meshes/Buildings/SM_Bld_Section_Door_03.uasset" 630
"../../../../../../Users/m012749j/Desktop/TGPTEST/Content/PolygonScifi/Meshes/Buildings/SM_Bld_Section_Door_02.uasset" 631
"../../../../../../Users/m012749j/Desktop/TGPTEST/Content/PolygonScifi/Meshes/Buildings/SM_Bld_Section_Door_01.uasset" 632
"../../../../../../Users/m012749j/Desktop/TGPTEST/Content/PolygonScifi/Meshes/Buildings/SM_Bld_Section_Corner_03.uasset" 633
"../../../../../../Users/m012749j/Desktop/TGPTEST/Content/PolygonScifi/Meshes/Buildings/SM_Bld_Section_Corner_02.uasset" 634
"../../../../../../Users/m012749j/Desktop/TGPTEST/Content/PolygonScifi/Meshes/Buildings/SM_Bld_Section_Corner_01.uasset" 635
"../../../../../../Users/m012749j/Desktop/TGPTEST/Content/PolygonScifi/Meshes/Buildings/SM_Bld_Roof_Pagoda_01.uasset" 636
"../../../../../../Users/m012749j/Desktop/TGPTEST/Content/PolygonScifi/Meshes/Buildings/SM_Bld_Raised_02.uasset" 637
"../../../../../../Users/m012749j/Desktop/TGPTEST/Content/PolygonScifi/Meshes/Buildings/SM_Bld_Raised_01.uasset" 638
"../../../../../../Users/m012749j/Desktop/TGPTEST/Content/PolygonScifi/Meshes/Buildings/SM_Bld_Power_04.uasset" 639
"../../../../../../Users/m012749j/Desktop/TGPTEST/Content/PolygonScifi/Meshes/Buildings/SM_Bld_Power_03.uasset" 640
"../../../../../../Users/m012749j/Desktop/TGPTEST/Content/PolygonScifi/Meshes/Buildings/SM_Bld_Power_02.uasset" 641
"../../../../../../Users/m012749j/Desktop/TGPTEST/Content/PolygonScifi/Meshes/Buildings/SM_Bld_Large_Part_08.uasset" 642
"../../../../../../Users/m012749j/Desktop/TGPTEST/Content/PolygonScifi/Meshes/Buildings/SM_Bld_Large_Part_07.uasset" 643
"../../../../../../Users/m012749j/Desktop/TGPTEST/Content/PolygonScifi/Meshes/Buildings/SM_Bld_Large_Part_04.uasset" 644
"../../../../../../Users/m012749j/Desktop/TGPTEST/Content/PolygonScifi/Meshes/Buildings/SM_Bld_Large_Part_03.uasset" 645
"../../../../../../Users/m012749j/Desktop/TGPTEST/Content/PolygonScifi/Meshes/Buildings/SM_Bld_Large_Part_02.uasset" 646
"../../../../../../Users/m012749j/Desktop/TGPTEST/Content/PolygonScifi/Meshes/Buildings/SM_Bld_Large_Part_01.uasset" 647
"../../../../../../Users/m012749j/Desktop/TGPTEST/Content/PolygonScifi/Meshes/Buildings/SM_Bld_Large_06.uasset" 648
"../../../../../../Users/m012749j/Desktop/TGPTEST/Content/PolygonScifi/Meshes/Buildings/SM_Bld_Large_05.uasset" 649
"../../../../../../Users/m012749j/Desktop/TGPTEST/Content/PolygonScifi/Meshes/Buildings/SM_Bld_Large_04.uasset" 650
"../../../../../../Users/m012749j/Desktop/TGPTEST/Content/PolygonScifi/Meshes/Buildings/SM_Bld_Large_03.uasset" 651
"../../../../../../Users/m012749j/Desktop/TGPTEST/Content/PolygonScifi/Meshes/Buildings/SM_Bld_Large_02.uasset" 652
"../../../../../../Users/m012749j/Desktop/TGPTEST/Content/PolygonScifi/Meshes/Buildings/SM_Bld_Large_01.uasset" 653
"../../../../../../Users/m012749j/Desktop/TGPTEST/Content/PolygonScifi/Meshes/Buildings/SM_Bld_Industrial_01.uasset" 654
"../../../../../../Users/m012749j/Desktop/TGPTEST/Content/PolygonScifi/Meshes/Buildings/SM_Bld_City_Wall_Tower_01.uasset" 655
"../../../../../../Users/m012749j/Desktop/TGPTEST/Content/PolygonScifi/Meshes/Buildings/SM_Bld_City_Wall_01.uasset" 656
"../../../../../../Users/m012749j/Desktop/TGPTEST/Content/PolygonScifi/Meshes/Buildings/SM_Bld_Chopshop_01.uasset" 657
"../../../../../../Users/m012749j/Desktop/TGPTEST/Content/PolygonScifi/Meshes/Buildings/SM_Bld_Bank_01_Glass.uasset" 658
"../../../../../../Users/m012749j/Desktop/TGPTEST/Content/PolygonScifi/Meshes/Buildings/SM_Bld_Bank_01.uasset" 659
"../../../../../../Users/m012749j/Desktop/TGPTEST/Content/PolygonScifi/Meshes/Buildings/SM_Bld_Advanced_Doorway_01.uasset" 660
"../../../../../../Users/m012749j/Desktop/TGPTEST/Content/PolygonScifi/Meshes/Buildings/SM_Bld_Advanced_02.uasset" 661
"../../../../../../Users/m012749j/Desktop/TGPTEST/Content/PolygonScifi/Meshes/Buildings/SM_Bld_Advanced_01.uasset" 662
"../../../../../../Users/m012749j/Desktop/TGPTEST/Content/Leaf_Particle/LowPolyNormalMap.uasset" 663
"../../../../../../Users/m012749j/Desktop/TGPTEST/Content/Leaf_Particle/low-poly-autumn-leaf.uasset" 664
"../../../../../../Users/m012749j/Desktop/TGPTEST/Content/Leaf_Particle/Leaf_Material.uasset" 665
"../../../../../../Users/m012749j/Desktop/TGPTEST/Content/Leaf_Particle/Leaf_Plane.uasset" 666
"../../../../../../Users/m012749j/Desktop/TGPTEST/Content/Leaf_Particle/Leaf_Particle.uasset" 667
"../../../../../../Users/m012749j/Desktop/TGPTEST/Content/Mat_PolygonScifi_01_A.uasset" 668
"../../../../../../Users/m012749j/Desktop/TGPTEST/Content/FixedFloor.uasset" 669
"../../../../../../Users/m012749j/Desktop/TGPTEST/Content/PolygonScifi/Textures/Alternates/T_PolygonScifi_04_F.uasset" 670
"../../../../../../Users/m012749j/Desktop/TGPTEST/Content/PolygonScifi/Textures/Alternates/T_PolygonScifi_Emissive_04.uasset" 671
"../../../../../../Users/m012749j/Desktop/TGPTEST/Content/PolygonScifi/Materials/Alternates/Mat_PolygonScifi_04_F.uasset" 672
"../../../../../../Users/m012749j/Desktop/TGPTEST/Content/PolygonScifi/Textures/Alternates/T_PolygonScifi_04_D.uasset" 673
"../../../../../../Users/m012749j/Desktop/TGPTEST/Content/PolygonScifi/Materials/Alternates/Mat_PolygonScifi_04_D.uasset" 674
"../../../../../../Users/m012749j/Desktop/TGPTEST/Content/PolygonScifi/Textures/Alternates/T_PolygonScifi_04_C.uasset" 675
"../../../../../../Users/m012749j/Desktop/TGPTEST/Content/PolygonScifi/Materials/Alternates/Mat_PolygonScifi_04_C.uasset" 676
"../../../../../../Users/m012749j/Desktop/TGPTEST/Content/PolygonScifi/Textures/Alternates/T_PolygonScifi_04_B.uasset" 677
"../../../../../../Users/m012749j/Desktop/TGPTEST/Content/PolygonScifi/Materials/Alternates/Mat_PolygonScifi_04_B.uasset" 678
"../../../../../../Users/m012749j/Desktop/TGPTEST/Content/PolygonScifi/Textures/Alternates/T_PolygonScifi_04_A.uasset" 679
"../../../../../../Users/m012749j/Desktop/TGPTEST/Content/PolygonScifi/Materials/Alternates/Mat_PolygonScifi_04_A.uasset" 680
"../../../../../../Users/m012749j/Desktop/TGPTEST/Content/PolygonScifi/Textures/Alternates/T_PolygonScifi_03_F.uasset" 681
"../../../../../../Users/m012749j/Desktop/TGPTEST/Content/PolygonScifi/Textures/Alternates/T_PolygonScifi_Emissive_03.uasset" 682
"../../../../../../Users/m012749j/Desktop/TGPTEST/Content/PolygonScifi/Materials/Alternates/Mat_PolygonScifi_03_F.uasset" 683
"../../../../../../Users/m012749j/Desktop/TGPTEST/Content/PolygonScifi/Textures/Alternates/T_PolygonScifi_03_C.uasset" 684
"../../../../../../Users/m012749j/Desktop/TGPTEST/Content/PolygonScifi/Materials/Alternates/Mat_PolygonScifi_03_C.uasset" 685
"../../../../../../Users/m012749j/Desktop/TGPTEST/Content/PolygonScifi/Textures/Alternates/T_PolygonScifi_03_A.uasset" 686
"../../../../../../Users/m012749j/Desktop/TGPTEST/Content/PolygonScifi/Materials/Alternates/Mat_PolygonScifi_03_A.uasset" 687
"../../../../../../Users/m012749j/Desktop/TGPTEST/Content/PolygonScifi/Textures/Alternates/T_PolygonScifi_02_F.uasset" 688
"../../../../../../Users/m012749j/Desktop/TGPTEST/Content/PolygonScifi/Textures/Alternates/T_PolygonScifi_Emissive_02.uasset" 689
"../../../../../../Users/m012749j/Desktop/TGPTEST/Content/PolygonScifi/Materials/Alternates/Mat_PolygonScifi_02_F.uasset" 690
"../../../../../../Users/m012749j/Desktop/TGPTEST/Content/PolygonScifi/Textures/Alternates/T_PolygonScifi_02_E.uasset" 691
"../../../../../../Users/m012749j/Desktop/TGPTEST/Content/PolygonScifi/Materials/Alternates/Mat_PolygonScifi_02_E.uasset" 692
"../../../../../../Users/m012749j/Desktop/TGPTEST/Content/PolygonScifi/Textures/Alternates/T_PolygonScifi_02_C.uasset" 693
"../../../../../../Users/m012749j/Desktop/TGPTEST/Content/PolygonScifi/Materials/Alternates/Mat_PolygonScifi_02_C.uasset" 694
"../../../../../../Users/m012749j/Desktop/TGPTEST/Content/PolygonScifi/Textures/Alternates/T_PolygonScifi_02_B.uasset" 695
"../../../../../../Users/m012749j/Desktop/TGPTEST/Content/PolygonScifi/Materials/Alternates/Mat_PolygonScifi_02_B.uasset" 696
"../../../../../../Users/m012749j/Desktop/TGPTEST/Content/PolygonScifi/Textures/Alternates/T_PolygonScifi_02_A.uasset" 697
"../../../../../../Users/m012749j/Desktop/TGPTEST/Content/PolygonScifi/Materials/Alternates/Mat_PolygonScifi_02_A.uasset" 698
"../../../../../../Users/m012749j/Desktop/TGPTEST/Content/PolygonScifi/Textures/Alternates/T_PolygonScifi_01_F.uasset" 699
"../../../../../../Users/m012749j/Desktop/TGPTEST/Content/PolygonScifi/Materials/Alternates/Mat_PolygonScifi_01_F.uasset" 700
"../../../../../../Users/m012749j/Desktop/TGPTEST/Content/PolygonScifi/Textures/Alternates/T_PolygonScifi_01_D.uasset" 701
"../../../../../../Users/m012749j/Desktop/TGPTEST/Content/PolygonScifi/Materials/Alternates/Mat_PolygonScifi_01_D.uasset" 702
"../../../../../../Users/m012749j/Desktop/TGPTEST/Content/PolygonScifi/Textures/Alternates/T_PolygonScifi_01_C.uasset" 703
"../../../../../../Users/m012749j/Desktop/TGPTEST/Content/PolygonScifi/Materials/Alternates/Mat_PolygonScifi_01_C.uasset" 704
"../../../../../../Users/m012749j/Desktop/TGPTEST/Content/PolygonScifi/Textures/Alternates/T_PolygonScifi_01_B.uasset" 705
"../../../../../../Users/m012749j/Desktop/TGPTEST/Content/PolygonScifi/Materials/Alternates/Mat_PolygonScifi_01_B.uasset" 706
"../../../../../../Users/m012749j/Desktop/TGPTEST/Content/MainMenu/Materials/BoxMat.uasset" 707
"../../../../../../Users/m012749j/Desktop/TGPTEST/Content/Maps/Stefan_BuiltData.uasset" 708
"../../../../../../Users/m012749j/Desktop/TGPTEST/Content/ItemInfos/GunInfo/GrenadeLauncher.uasset" 709
"../../../../../../Users/m012749j/Desktop/TGPTEST/Content/PolygonScifi/Textures/Alternates/T_PolygonScifi_03_B.uasset" 710
"../../../../../../Users/m012749j/Desktop/TGPTEST/Content/PolygonScifi/Materials/Alternates/Mat_PolygonScifi_03_B.uasset" 711
"../../../../../../Users/m012749j/Desktop/TGPTEST/Content/Misc/BP_Region.uasset" 712
"../../../Engine/Content/Functions/Engine_MaterialFunctions02/Utility/VectorLength.uasset" 713
"../../../../../../Users/m012749j/Desktop/TGPTEST/Content/Materials/SampleScreenNeighbourUVs.uasset" 714
"../../../../../../Users/m012749j/Desktop/TGPTEST/Content/Materials/ExtractDepth.uasset" 715
"../../../Engine/Content/Functions/Engine_MaterialFunctions02/SplitComponents.uasset" 716
"../../../../../../Users/m012749j/Desktop/TGPTEST/Content/Materials/ConvolveTexture.uasset" 717
"../../../../../../Users/m012749j/Desktop/TGPTEST/Content/Materials/OutlineShader.uasset" 718
"../../../../../../Users/m012749j/Desktop/TGPTEST/Content/Materials/OutlineHighlight.uasset" 719
"../../../../../../Users/m012749j/Desktop/TGPTEST/Content/WeaponStatUIBP.uasset" 720
"../../../../../../Users/m012749j/Desktop/TGPTEST/Content/Blueprints/Items/BP_ItemActor.uasset" 721
"../../../../../../Users/m012749j/Desktop/TGPTEST/Content/Geometry/Meshes/CubeMaterial.uasset" 722
"../../../../../../Users/m012749j/Desktop/TGPTEST/Content/Geometry/Meshes/1M_Cube.uasset" 723
"../../../../../../Users/m012749j/Desktop/TGPTEST/Content/Materials/Crate.uasset" 724
"../../../../../../Users/m012749j/Desktop/TGPTEST/Content/Materials/CrateMaterial.uasset" 725
"../../../../../../Users/m012749j/Desktop/TGPTEST/Content/WeaponSpawnerChestBP.uasset" 726
"../../../../../../Users/m012749j/Desktop/TGPTEST/Content/PolygonScifi/Meshes/Weapons/Accessories/SM_Wep_Crosshair_05.uasset" 727
"../../../../../../Users/m012749j/Desktop/TGPTEST/Content/PolygonScifi/Meshes/Weapons/Accessories/SM_Wep_Attachment_Scope_03.uasset" 728
"../../../../../../Users/m012749j/Desktop/TGPTEST/Content/PolygonScifi/Meshes/Weapons/Accessories/SM_Wep_Attachment_Ironsight_02.uasset" 729
"../../../../../../Users/m012749j/Desktop/TGPTEST/Content/sA_Megapack_v1/sA_ShootingVfxPack/FX/NiagaraEmitters/NE_SimpleBurst.uasset" 730
"../../../../../../Users/m012749j/Desktop/TGPTEST/Content/sA_Megapack_v1/sA_ShootingVfxPack/Meshes/SM_Muzzle_Part2.uasset" 731
"../../../../../../Users/m012749j/Desktop/TGPTEST/Content/sA_Megapack_v1/sA_ShootingVfxPack/Meshes/SM_Muzzle_1.uasset" 732
"../../../../../../Users/m012749j/Desktop/TGPTEST/Content/sA_Megapack_v1/sA_ShootingVfxPack/Materials/Textures/T_Muzzle_1.uasset" 733
"../../../../../../Users/m012749j/Desktop/TGPTEST/Content/sA_Megapack_v1/sA_ShootingVfxPack/Materials/Textures/T_Gray_Noise_1.uasset" 734
"../../../../../../Users/m012749j/Desktop/TGPTEST/Content/sA_Megapack_v1/sA_ShootingVfxPack/Materials/M_Master_Muzzle.uasset" 735
"../../Plugins/FX/Niagara/Content/DynamicInputs/ValueFromCurve/ColorFromCurve.uasset" 736
"../../Plugins/FX/Niagara/Content/DynamicInputs/UniformRange/UniformRangedVector.uasset" 737
"../../../../../../Users/m012749j/Desktop/TGPTEST/Content/sA_Megapack_v1/sA_ShootingVfxPack/FX/NiagaraEmitters/NE_Muzzle_Part2.uasset" 738
"../../../../../../Users/m012749j/Desktop/TGPTEST/Content/sA_Megapack_v1/sA_ShootingVfxPack/FX/NiagaraEmitters/NE_Muzzle_Flash.uasset" 739
"../../../../../../Users/m012749j/Desktop/TGPTEST/Content/sA_Megapack_v1/sA_ShootingVfxPack/FX/NiagaraSystems/NS_AR_Muzzleflash_1_ONCE.uasset" 740
"../../../../../../Users/m012749j/Desktop/TGPTEST/Content/PolygonScifi/Meshes/Characters/SK_Character_SciFiCity_PhysicsAsset.uasset" 741
"../../../Engine/Content/EngineMeshes/Humanoid.uasset" 742
"../../../../../../Users/m012749j/Desktop/TGPTEST/Content/PolygonScifi/Meshes/Characters/SK_Character_SciFiCity_Skeleton.uasset" 743
"../../../../../../Users/m012749j/Desktop/TGPTEST/Content/PolygonScifi/Meshes/Characters/SK_Character_Alien_Male_01.uasset" 744
"../../../Engine/Content/Animation/DefaultAnimBoneCompressionSettings.uasset" 745
"../../../Engine/Content/Animation/DefaultAnimCurveCompressionSettings.uasset" 746
"../../../../../../Users/m012749j/Desktop/TGPTEST/Content/Audio/footstep_concrete_run_14.uasset" 747
"../../../../../../Users/m012749j/Desktop/TGPTEST/Content/Audio/RunCue.uasset" 748
"../../../../../../Users/m012749j/Desktop/TGPTEST/Content/Animations/Player/Pistol/Pistol_Walk_1_.uasset" 749
"../../../../../../Users/m012749j/Desktop/TGPTEST/Content/Animations/Player/Pistol/Pistol_Run.uasset" 750
"../../../../../../Users/m012749j/Desktop/TGPTEST/Content/Animations/Player/Pistol/Pistol_Idle_1_.uasset" 751
"../../../../../../Users/m012749j/Desktop/TGPTEST/Content/Animations/Player/Pistol/PistolIdleWalkRun.uasset" 752
"../../../../../../Users/m012749j/Desktop/TGPTEST/Content/Animations/Player/Pistol/Pistol_Run_1_.uasset" 753
"../../../../../../Users/m012749j/Desktop/TGPTEST/Content/Animations/Player/Pistol/ABP_Pistol.uasset" 754
"../../../../../../Users/m012749j/Desktop/TGPTEST/Content/Animations/Player/Melee/Great_Sword_Walk.uasset" 755
"../../../../../../Users/m012749j/Desktop/TGPTEST/Content/Animations/Player/Melee/Great_Sword_Run.uasset" 756
"../../../../../../Users/m012749j/Desktop/TGPTEST/Content/Animations/Player/Melee/Great_Sword_Idle_1_.uasset" 757
"../../../../../../Users/m012749j/Desktop/TGPTEST/Content/Animations/Player/Melee/MeleeIdleWalkRun.uasset" 758
"../../../../../../Users/m012749j/Desktop/TGPTEST/Content/Animations/Player/Melee/Great_Sword_Run_2.uasset" 759
"../../../../../../Users/m012749j/Desktop/TGPTEST/Content/Animations/Player/Melee/ABP_Melee.uasset" 760
"../../../../../../Users/m012749j/Desktop/TGPTEST/Content/Audio/404560__superphat__assaultrifle3.uasset" 761
"../../../../../../Users/m012749j/Desktop/TGPTEST/Content/Audio/RifleSingleShootCue.uasset" 762
"../../../../../../Users/m012749j/Desktop/TGPTEST/Content/Audio/Gun_Reload_6_4.uasset" 763
"../../../../../../Users/m012749j/Desktop/TGPTEST/Content/Audio/ReloadCue.uasset" 764
"../../../../../../Users/m012749j/Desktop/TGPTEST/Content/Audio/Gun_6_5.uasset" 765
"../../../../../../Users/m012749j/Desktop/TGPTEST/Content/Audio/PistolShootCue.uasset" 766
"../../../../../../Users/m012749j/Desktop/TGPTEST/Content/Animations/Player/Rifle/Shoot_Rifle.uasset" 767
"../../../../../../Users/m012749j/Desktop/TGPTEST/Content/Animations/Player/Rifle/Reload.uasset" 768
"../../../../../../Users/m012749j/Desktop/TGPTEST/Content/Animations/Player/Rifle/Crouch_To_Standing_With_Rifle.uasset" 769
"../../../../../../Users/m012749j/Desktop/TGPTEST/Content/Animations/Player/Pistol/Shooting.uasset" 770
"../../../../../../Users/m012749j/Desktop/TGPTEST/Content/Animations/Player/Pistol/Pistol_Kneel_To_Stand.uasset" 771
"../../../../../../Users/m012749j/Desktop/TGPTEST/Content/Animations/Player/Melee/Great_Sword_Slash_1_.uasset" 772
"../../../../../../Users/m012749j/Desktop/TGPTEST/Content/Audio/546278__mega-x-stream__futuristic-woosh-sound.uasset" 773
"../../../../../../Users/m012749j/Desktop/TGPTEST/Content/Audio/SwordWhoosCue.uasset" 774
"../../Plugins/FX/Niagara/Content/Modules/Update/Position/JitterPosition.uasset" 775
"../../Plugins/FX/Niagara/Content/Modules/Ribbons/ScaleRibbonWidth.uasset" 776
"../../Plugins/FX/Niagara/Content/Modules/Emitter/SpawnPerFrame.uasset" 777
"../../Plugins/FX/Niagara/Content/DynamicInputs/Add/Add_Vector.uasset" 778
"../../../../../../Users/m012749j/Desktop/TGPTEST/Content/Sword_Effect/Slash_Material.uasset" 779
"../../Plugins/FX/Niagara/Content/Modules/Spawn/Initialization/InitializeRibbon.uasset" 780
"../../Plugins/FX/Niagara/Content/DynamicInputs/TypeConversions/VectorFromFloat.uasset" 781
"../../../../../../Users/m012749j/Desktop/TGPTEST/Content/Sword_Effect/Slash_NiagaraSystem.uasset" 782
"../../../../../../Users/m012749j/Desktop/TGPTEST/Content/Animations/Player/Melee/Great_Sword_Slash.uasset" 783
"../../../../../../Users/m012749j/Desktop/TGPTEST/Content/Animations/Player/Melee/Great_Sword_Crouching.uasset" 784
"../../../../../../Users/m012749j/Desktop/TGPTEST/Content/Animations/Player/CombatMontage.uasset" 785
"../../../../../../Users/m012749j/Desktop/TGPTEST/Content/Animations/Player/Rifle/Walk_With_Rifle.uasset" 786
"../../../../../../Users/m012749j/Desktop/TGPTEST/Content/Animations/Player/Rifle/Rifle_Aiming_Idle.uasset" 787
"../../../../../../Users/m012749j/Desktop/TGPTEST/Content/Animations/Player/Rifle/Rifle_Run.uasset" 788
"../../../../../../Users/m012749j/Desktop/TGPTEST/Content/Animations/Player/Rifle/RiflelIdleWalkRun.uasset" 789
"../../../../../../Users/m012749j/Desktop/TGPTEST/Content/Animations/Player/Rifle/Run_Forward.uasset" 790
"../../../../../../Users/m012749j/Desktop/TGPTEST/Content/Animations/Player/Rifle/ABP_Rifle.uasset" 791
"../../Plugins/FX/Niagara/Content/Modules/Beams/UpdateBeam.uasset" 792
"../../Plugins/FX/Niagara/Content/DefaultAssets/DefaultRIbbonMaterial.uasset" 793
"../../../../../../Users/m012749j/Desktop/TGPTEST/Content/sA_Megapack_v1/sA_ShootingVfxPack/FX/NiagaraEmitters/NE_Beam.uasset" 794
"../../../../../../Users/m012749j/Desktop/TGPTEST/Content/sA_Megapack_v1/sA_ShootingVfxPack/FX/NiagaraSystems/NS_BulletTrail_3.uasset" 795
"../../../../../../Users/m012749j/Desktop/TGPTEST/Content/TracerActor.uasset" 796
"../../../../../../Users/m012749j/Desktop/TGPTEST/Content/Blueprints/Player/BP_BasePlayer.uasset" 797
"../../../../../../Users/m012749j/Desktop/TGPTEST/Content/PolygonScifi/Meshes/Misc/SM_Icon_Health.uasset" 798
"../../../../../../Users/m012749j/Desktop/TGPTEST/Content/Blueprints/Pickups/HealthPickupActorBP.uasset" 799
"../../../../../../Users/m012749j/Desktop/TGPTEST/Content/PolygonScifi/Meshes/Misc/SM_Icon_Ammo.uasset" 800
"../../../../../../Users/m012749j/Desktop/TGPTEST/Content/Blueprints/Pickups/AmmoPickup.uasset" 801
"../../../../../../Users/m012749j/Desktop/TGPTEST/Content/Blueprints/Ai/BB_BaseAI.uasset" 802
"../../../../../../Users/m012749j/Desktop/TGPTEST/Content/Blueprints/Ai/BT_AIChasePlayer.uasset" 803
"../../../../../../Users/m012749j/Desktop/TGPTEST/Content/Blueprints/Ai/BP_AIChasePlayerController.uasset" 804
"../../../../../../Users/m012749j/Desktop/TGPTEST/Content/PolygonCityZombies/Meshes/Characters/SK_Zombie_PhysicsAsset.uasset" 805
"../../../../../../Users/m012749j/Desktop/TGPTEST/Content/PolygonCityZombies/Textures/T_PolygonZombie_01_A.uasset" 806
"../../../../../../Users/m012749j/Desktop/TGPTEST/Content/PolygonCityZombies/Textures/T_PolygonZombie_Blood_Decal.uasset" 807
"../../../../../../Users/m012749j/Desktop/TGPTEST/Content/PolygonCityZombies/Materials/Master/Mat_PolygonCityZombies.uasset" 808
"../../../../../../Users/m012749j/Desktop/TGPTEST/Content/PolygonCityZombies/Materials/Mat_PolygonCityZombies_01_A_Inst.uasset" 809
"../../../../../../Users/m012749j/Desktop/TGPTEST/Content/PolygonCityZombies/Meshes/Characters/SK_Zombie_Skeleton.uasset" 810
"../../../../../../Users/m012749j/Desktop/TGPTEST/Content/PolygonCityZombies/Meshes/Characters/SK_Zombie_Son_Male_01.uasset" 811
"../../../../../../Users/m012749j/Desktop/TGPTEST/Content/PolygonCityZombies/Meshes/Characters/SK_Zombie_Grandma_Female_01.uasset" 812
"../../../../../../Users/m012749j/Desktop/TGPTEST/Content/PolygonCityZombies/Meshes/Characters/SK_Zombie_Gangster_Male_01.uasset" 813
"../../../../../../Users/m012749j/Desktop/TGPTEST/Content/PolygonCityZombies/Meshes/Characters/SK_Zombie_GamerGirl_Female_01.uasset" 814
"../../../../../../Users/m012749j/Desktop/TGPTEST/Content/PolygonCityZombies/Meshes/Characters/SK_Zombie_Footballer_Male_01.uasset" 815
"../../../../../../Users/m012749j/Desktop/TGPTEST/Content/PolygonCityZombies/Meshes/Characters/SK_Zombie_Firefighter_Male_01.uasset" 816
"../../../../../../Users/m012749j/Desktop/TGPTEST/Content/PolygonCityZombies/Meshes/Characters/SK_Zombie_Father_Male_02.uasset" 817
"../../../../../../Users/m012749j/Desktop/TGPTEST/Content/PolygonCityZombies/Meshes/Characters/SK_Zombie_Father_Male_01.uasset" 818
"../../../../../../Users/m012749j/Desktop/TGPTEST/Content/PolygonCityZombies/Meshes/Characters/SK_Zombie_FastfoodWorker_Male_01.uasset" 819
"../../../../../../Users/m012749j/Desktop/TGPTEST/Content/PolygonCityZombies/Meshes/Characters/SK_Zombie_Diver_Male_01.uasset" 820
"../../../../../../Users/m012749j/Desktop/TGPTEST/Content/PolygonCityZombies/Meshes/Characters/SK_Zombie_Daughter_Female_01.uasset" 821
"../../../../../../Users/m012749j/Desktop/TGPTEST/Content/PolygonCityZombies/Meshes/Characters/SK_Zombie_Coat_Female_01.uasset" 822
"../../../../../../Users/m012749j/Desktop/TGPTEST/Content/PolygonCityZombies/Meshes/Characters/SK_Zombie_Clown_Male_01.uasset" 823
"../../../../../../Users/m012749j/Desktop/TGPTEST/Content/PolygonCityZombies/Meshes/Characters/SK_Zombie_Cheerleader_Female_01.uasset" 824
"../../../../../../Users/m012749j/Desktop/TGPTEST/Content/PolygonCityZombies/Meshes/Characters/SK_Zombie_BusinessShirt_Male_01.uasset" 825
"../../../../../../Users/m012749j/Desktop/TGPTEST/Content/PolygonCityZombies/Meshes/Characters/SK_Zombie_Businessman_Male_01.uasset" 826
"../../../../../../Users/m012749j/Desktop/TGPTEST/Content/PolygonCityZombies/Meshes/Characters/SK_Zombie_Business_Female_01.uasset" 827
"../../../../../../Users/m012749j/Desktop/TGPTEST/Content/PolygonCityZombies/Meshes/Characters/SK_Zombie_Bride_Female_01.uasset" 828
"../../../../../../Users/m012749j/Desktop/TGPTEST/Content/PolygonCityZombies/Meshes/Characters/SK_Zombie_BioHazardSuit_Male_01.uasset" 829
"../../../../../../Users/m012749j/Desktop/TGPTEST/Content/PolygonCityZombies/Meshes/Characters/SK_Zombie_Biker_Male_01.uasset" 830
"../../../../../../Users/m012749j/Desktop/TGPTEST/Content/PolygonCityZombies/Meshes/Characters/SK_Zombie_Bellboy_Male_01.uasset" 831
"../../../../../../Users/m012749j/Desktop/TGPTEST/Content/Animations/Enemies/Zombie_Running.uasset" 832
"../../../../../../Users/m012749j/Desktop/TGPTEST/Content/Animations/Enemies/Walking.uasset" 833
"../../../../../../Users/m012749j/Desktop/TGPTEST/Content/Animations/Enemies/Walk.uasset" 834
"../../../../../../Users/m012749j/Desktop/TGPTEST/Content/Animations/Enemies/ABP_Zombie.uasset" 835
"../../../../../../Users/m012749j/Desktop/TGPTEST/Content/Blueprints/Ai/AiCharacters/DA_Zombie.uasset" 836
"../../../../../../Users/m012749j/Desktop/TGPTEST/Content/Audio/bullet_impact_body_flesh_02.uasset" 837
"../../../../../../Users/m012749j/Desktop/TGPTEST/Content/Audio/ZombieDamagedCue.uasset" 838
"../../../../../../Users/m012749j/Desktop/TGPTEST/Content/Audio/566434__merrick079__punch3.uasset" 839
"../../../../../../Users/m012749j/Desktop/TGPTEST/Content/Audio/ZombieAttackHeavyCue.uasset" 840
"../../../../../../Users/m012749j/Desktop/TGPTEST/Content/Audio/493914__damnsatinist__light-punch.uasset" 841
"../../../../../../Users/m012749j/Desktop/TGPTEST/Content/Audio/434147__neospica__punch.uasset" 842
"../../../../../../Users/m012749j/Desktop/TGPTEST/Content/Audio/ZombieAttackCue.uasset" 843
"../../../../../../Users/m012749j/Desktop/TGPTEST/Content/Animations/Enemies/Flying_Back_Death.uasset" 844
"../../../../../../Users/m012749j/Desktop/TGPTEST/Content/Animations/Enemies/Falling_Forward_Death.uasset" 845
"../../../../../../Users/m012749j/Desktop/TGPTEST/Content/Animations/Enemies/Falling_Back_Death.uasset" 846
"../../../../../../Users/m012749j/Desktop/TGPTEST/Content/Animations/Enemies/Dying_Backwards.uasset" 847
"../../../../../../Users/m012749j/Desktop/TGPTEST/Content/Animations/Enemies/ZombieDeathMontage.uasset" 848
"../../../../../../Users/m012749j/Desktop/TGPTEST/Content/Animations/Enemies/Zombie_Punching__1_.uasset" 849
"../../../../../../Users/m012749j/Desktop/TGPTEST/Content/Animations/Enemies/Zombie_Punching.uasset" 850
"../../../../../../Users/m012749j/Desktop/TGPTEST/Content/Animations/Enemies/Zombie_Attack__1_.uasset" 851
"../../../../../../Users/m012749j/Desktop/TGPTEST/Content/Animations/Enemies/Zombie_Attack.uasset" 852
"../../../../../../Users/m012749j/Desktop/TGPTEST/Content/Animations/Enemies/ZombieAttackMontage.uasset" 853
"../../../../../../Users/m012749j/Desktop/TGPTEST/Content/Blood_Splatter/blood-splatter-sprite-sheet.uasset" 854
"../../../../../../Users/m012749j/Desktop/TGPTEST/Content/Blood_Splatter/Blood_Particle_Material.uasset" 855
"../../../../../../Users/m012749j/Desktop/TGPTEST/Content/Blood_Splatter/Blood_Particles.uasset" 856
"../../../../../../Users/m012749j/Desktop/TGPTEST/Content/Blood_Splatter/water-normal-map.uasset" 857
"../../../Engine/Content/Functions/Engine_MaterialFunctions03/Texturing/SubUV_Function.uasset" 858
"../../../../../../Users/m012749j/Desktop/TGPTEST/Content/Blood_Splatter/Blood_Decal_Material.uasset" 859
"../../../../../../Users/m012749j/Desktop/TGPTEST/Content/CPPDamageMarker.uasset" 860
"../../../../../../Users/m012749j/Desktop/TGPTEST/Content/DamageMarkerBPFInal.uasset" 861
"../../../../../../Users/m012749j/Desktop/TGPTEST/Content/Blueprints/Ai/BP_AIChasePlayer.uasset" 862
"../../../../../../Users/m012749j/Desktop/TGPTEST/Content/HUD/Icons/GrenadeImageWhite.uasset" 863
"../../../../../../Users/m012749j/Desktop/TGPTEST/Content/HUD/GrenadeIcon.uasset" 864
"../../../../../../Users/m012749j/Desktop/TGPTEST/Content/HUD/EnemiesInZone_BP.uasset" 865
"../../../../../../Users/m012749j/Desktop/TGPTEST/Content/HUD/BlackTex.uasset" 866
"../../../../../../Users/m012749j/Desktop/TGPTEST/Content/HUD/CurvedHUD_M.uasset" 867
"../../../../../../Users/m012749j/Desktop/TGPTEST/Content/MainMenu/UI/Texture/T_UI_ButtonImage_01.uasset" 868
"../../../../../../Users/m012749j/Desktop/TGPTEST/Content/MainMenu/UI/Texture/T_UI_Border_02.uasset" 869
"../../../../../../Users/m012749j/Desktop/TGPTEST/Content/MainMenu/GameOverScreen/SkullIcon.uasset" 870
"../../../../../../Users/m012749j/Desktop/TGPTEST/Content/MainMenu/GameOverScreen/GameOverScreen_BP.uasset" 871
"../../../../../../Users/m012749j/Desktop/TGPTEST/Content/HUD/SniperScope.uasset" 872
"../../../../../../Users/m012749j/Desktop/TGPTEST/Content/HUD/UISniperScope.uasset" 873
"../../../../../../Users/m012749j/Desktop/TGPTEST/Content/HUD/UICrosshair2.uasset" 874
"../../../../../../Users/m012749j/Desktop/TGPTEST/Content/HUD/UICrosshairWidget.uasset" 875
"../../../../../../Users/m012749j/Desktop/TGPTEST/Content/HUD/SecondaryWeaponRarity.uasset" 876
"../../../../../../Users/m012749j/Desktop/TGPTEST/Content/HUD/SecondaryWeaponIcon.uasset" 877
"../../../../../../Users/m012749j/Desktop/TGPTEST/Content/HUD/SecondaryWeaponAmmoCount.uasset" 878
"../../../../../../Users/m012749j/Desktop/TGPTEST/Content/HUD/PrimaryWeaponRarity.uasset" 879
"../../../../../../Users/m012749j/Desktop/TGPTEST/Content/HUD/Icons/SniperIcon.uasset" 880
"../../../../../../Users/m012749j/Desktop/TGPTEST/Content/HUD/Icons/RifleIcon.uasset" 881
"../../../../../../Users/m012749j/Desktop/TGPTEST/Content/HUD/PrimaryWeaponIcon.uasset" 882
"../../../../../../Users/m012749j/Desktop/TGPTEST/Content/HUD/PrimaryWeaponAmmoCount.uasset" 883
"../../../../../../Users/m012749j/Desktop/TGPTEST/Content/HUD/PlayerInZone_BP.uasset" 884
"../../../../../../Users/m012749j/Desktop/TGPTEST/Content/HUD/PlayerHealthBar_BP.uasset" 885
"../../../../../../Users/m012749j/Desktop/TGPTEST/Content/MainMenu/UI/Texture/T_UI_Weapon_Sword.uasset" 886
"../../../../../../Users/m012749j/Desktop/TGPTEST/Content/HUD/MeleeIcon.uasset" 887
"../../../../../../Users/m012749j/Desktop/TGPTEST/Content/HUD/MeleeBindKey.uasset" 888
"../../../../../../Users/m012749j/Desktop/TGPTEST/Content/HUD/GrenadeLeftCount.uasset" 889
"../../../../../../Users/m012749j/Desktop/TGPTEST/Content/HUD/HUD_BP.uasset" 890
"../../../../../../Users/m012749j/Desktop/TGPTEST/Content/Blueprints/BP_MainPlayerController.uasset" 891
"../../../../../../Users/m012749j/Desktop/TGPTEST/Content/Audio/War__Loop_.uasset" 892
"../../../../../../Users/m012749j/Desktop/TGPTEST/Content/Audio/Unstoppable__Loop_.uasset" 893
"../../../../../../Users/m012749j/Desktop/TGPTEST/Content/Audio/Unbreakable__Loop_.uasset" 894
"../../../../../../Users/m012749j/Desktop/TGPTEST/Content/Audio/Strength_of_a_Thousand__Loop_.uasset" 895
"../../../../../../Users/m012749j/Desktop/TGPTEST/Content/Audio/Arise__Loop_.uasset" 896
"../../../../../../Users/m012749j/Desktop/TGPTEST/Content/Audio/SoundTrackCue.uasset" 897
"../../../../../../Users/m012749j/Desktop/TGPTEST/Content/Blueprints/GameModes/BP_BaseGameMode.uasset" 898
"../../../../../../Users/m012749j/Desktop/TGPTEST/Content/Maps/Stefan.umap" 899
"../../../Engine/Content/Maps/Entry_BuiltData.uasset" 900
"../../../Engine/Content/Maps/Entry.umap" 901
"../../../Engine/Content/MapTemplates/SM_Template_Map_Floor.uasset" 902
"../../../Engine/Content/EngineSky/T_Sky_Stars.uasset" 903
"../../../Engine/Content/EngineSky/T_Sky_Clouds_M.uasset" 904
"../../../Engine/Content/EngineSky/T_Sky_Blue.uasset" 905
"../../../Engine/Content/EngineSky/M_Sky_Panning_Clouds2.uasset" 906
"../../../Engine/Content/EngineSky/SM_SkySphere.uasset" 907
"../../../Engine/Content/EngineSky/C_Sky_Zenith_Color.uasset" 908
"../../../Engine/Content/EngineSky/C_Sky_Horizon_Color.uasset" 909
"../../../Engine/Content/EngineSky/C_Sky_Cloud_Color.uasset" 910
"../../../Engine/Content/EngineSky/BP_Sky_Sphere.uasset" 911
"../../../Engine/Content/Maps/Templates/Template_Default_BuiltData.uasset" 912
"../../../Engine/Content/Maps/Templates/Template_Default.umap" 913
